{"/Users/jiyeon/Downloads/local-produce-exchange-main/frontend/src/components/feedback/EmptyState.css": {"path":"/Users/jiyeon/Downloads/local-produce-exchange-main/frontend/src/components/feedback/EmptyState.css","statementMap":{},"fnMap":{},"branchMap":{},"s":{},"f":{},"b":{},"meta":{"lastBranch":0,"lastFunction":0,"lastStatement":0,"seen":{},"fnNames":{}}}
,"/Users/jiyeon/Downloads/local-produce-exchange-main/frontend/src/components/feedback/EmptyState.tsx": {"path":"/Users/jiyeon/Downloads/local-produce-exchange-main/frontend/src/components/feedback/EmptyState.tsx","statementMap":{"0":{"start":{"line":18,"column":2},"end":{"line":24,"column":null}}},"fnMap":{"0":{"name":"EmptyState","decl":{"start":{"line":11,"column":24},"end":{"line":11,"column":35}},"loc":{"start":{"line":17,"column":20},"end":{"line":26,"column":null}},"line":17}},"branchMap":{"0":{"loc":{"start":{"line":16,"column":2},"end":{"line":16,"column":null}},"type":"default-arg","locations":[{"start":{"line":16,"column":14},"end":{"line":16,"column":null}}],"line":16},"1":{"loc":{"start":{"line":20,"column":7},"end":{"line":20,"column":null}},"type":"binary-expr","locations":[{"start":{"line":20,"column":7},"end":{"line":20,"column":15}},{"start":{"line":20,"column":15},"end":{"line":20,"column":null}}],"line":20},"2":{"loc":{"start":{"line":22,"column":7},"end":{"line":22,"column":null}},"type":"binary-expr","locations":[{"start":{"line":22,"column":7},"end":{"line":22,"column":22}},{"start":{"line":22,"column":22},"end":{"line":22,"column":null}}],"line":22},"3":{"loc":{"start":{"line":23,"column":7},"end":{"line":23,"column":null}},"type":"binary-expr","locations":[{"start":{"line":23,"column":7},"end":{"line":23,"column":17}},{"start":{"line":23,"column":17},"end":{"line":23,"column":null}}],"line":23}},"s":{"0":24},"f":{"0":24},"b":{"0":[24],"1":[24,3],"2":[24,15],"3":[24,3]},"meta":{"lastBranch":4,"lastFunction":1,"lastStatement":1,"seen":{"f:11:24:11:35":0,"b:16:14:16:Infinity":0,"s:18:2:24:Infinity":0,"b:20:7:20:15:20:15:20:Infinity":1,"b:22:7:22:22:22:22:22:Infinity":2,"b:23:7:23:17:23:17:23:Infinity":3},"fnNames":{}}}
,"/Users/jiyeon/Downloads/local-produce-exchange-main/frontend/src/components/feedback/ReviewModal.css": {"path":"/Users/jiyeon/Downloads/local-produce-exchange-main/frontend/src/components/feedback/ReviewModal.css","statementMap":{},"fnMap":{},"branchMap":{},"s":{},"f":{},"b":{},"meta":{"lastBranch":0,"lastFunction":0,"lastStatement":0,"seen":{},"fnNames":{}}}
,"/Users/jiyeon/Downloads/local-produce-exchange-main/frontend/src/components/feedback/ReviewModal.tsx": {"path":"/Users/jiyeon/Downloads/local-produce-exchange-main/frontend/src/components/feedback/ReviewModal.tsx","statementMap":{"0":{"start":{"line":22,"column":17},"end":{"line":22,"column":null}},"1":{"start":{"line":23,"column":22},"end":{"line":23,"column":null}},"2":{"start":{"line":24,"column":18},"end":{"line":24,"column":null}},"3":{"start":{"line":25,"column":16},"end":{"line":25,"column":null}},"4":{"start":{"line":26,"column":20},"end":{"line":26,"column":null}},"5":{"start":{"line":29,"column":4},"end":{"line":32,"column":null}},"6":{"start":{"line":30,"column":6},"end":{"line":30,"column":null}},"7":{"start":{"line":31,"column":6},"end":{"line":31,"column":null}},"8":{"start":{"line":33,"column":4},"end":{"line":33,"column":null}},"9":{"start":{"line":34,"column":4},"end":{"line":34,"column":null}},"10":{"start":{"line":35,"column":4},"end":{"line":35,"column":null}},"11":{"start":{"line":39,"column":4},"end":{"line":39,"column":null}},"12":{"start":{"line":41,"column":4},"end":{"line":47,"column":null}},"13":{"start":{"line":42,"column":6},"end":{"line":42,"column":null}},"14":{"start":{"line":43,"column":6},"end":{"line":43,"column":null}},"15":{"start":{"line":44,"column":6},"end":{"line":44,"column":null}},"16":{"start":{"line":45,"column":6},"end":{"line":45,"column":null}},"17":{"start":{"line":46,"column":6},"end":{"line":46,"column":null}},"18":{"start":{"line":50,"column":2},"end":{"line":61,"column":null}},"19":{"start":{"line":51,"column":4},"end":{"line":59,"column":null}},"20":{"start":{"line":63,"column":2},"end":{"line":107,"column":null}},"21":{"start":{"line":74,"column":12},"end":{"line":84,"column":null}},"22":{"start":{"line":78,"column":31},"end":{"line":78,"column":48}},"23":{"start":{"line":78,"column":48},"end":{"line":78,"column":73}},"24":{"start":{"line":78,"column":59},"end":{"line":78,"column":73}},"25":{"start":{"line":79,"column":34},"end":{"line":79,"column":null}},"26":{"start":{"line":80,"column":34},"end":{"line":80,"column":null}},"27":{"start":{"line":98,"column":29},"end":{"line":98,"column":null}}},"fnMap":{"0":{"name":"ReviewModal","decl":{"start":{"line":15,"column":24},"end":{"line":15,"column":36}},"loc":{"start":{"line":21,"column":21},"end":{"line":109,"column":null}},"line":21},"1":{"name":"handleSubmit","decl":{"start":{"line":28,"column":11},"end":{"line":28,"column":26}},"loc":{"start":{"line":28,"column":26},"end":{"line":36,"column":null}},"line":28},"2":{"name":"handleClose","decl":{"start":{"line":38,"column":11},"end":{"line":38,"column":25}},"loc":{"start":{"line":38,"column":25},"end":{"line":48,"column":null}},"line":38},"3":{"name":"(anonymous_3)","decl":{"start":{"line":41,"column":4},"end":{"line":41,"column":21}},"loc":{"start":{"line":41,"column":21},"end":{"line":47,"column":7}},"line":41},"4":{"name":"(anonymous_4)","decl":{"start":{"line":73,"column":27},"end":{"line":73,"column":32}},"loc":{"start":{"line":74,"column":12},"end":{"line":84,"column":null}},"line":74},"5":{"name":"(anonymous_5)","decl":{"start":{"line":78,"column":14},"end":{"line":78,"column":29}},"loc":{"start":{"line":78,"column":29},"end":{"line":78,"column":null}},"line":78},"6":{"name":"(anonymous_6)","decl":{"start":{"line":79,"column":14},"end":{"line":79,"column":34}},"loc":{"start":{"line":79,"column":34},"end":{"line":79,"column":null}},"line":79},"7":{"name":"(anonymous_7)","decl":{"start":{"line":80,"column":14},"end":{"line":80,"column":34}},"loc":{"start":{"line":80,"column":34},"end":{"line":80,"column":null}},"line":80},"8":{"name":"(anonymous_8)","decl":{"start":{"line":98,"column":12},"end":{"line":98,"column":23}},"loc":{"start":{"line":98,"column":29},"end":{"line":98,"column":null}},"line":98}},"branchMap":{"0":{"loc":{"start":{"line":29,"column":4},"end":{"line":32,"column":null}},"type":"if","locations":[{"start":{"line":29,"column":4},"end":{"line":32,"column":null}},{"start":{},"end":{}}],"line":29},"1":{"loc":{"start":{"line":50,"column":2},"end":{"line":61,"column":null}},"type":"if","locations":[{"start":{"line":50,"column":2},"end":{"line":61,"column":null}},{"start":{},"end":{}}],"line":50},"2":{"loc":{"start":{"line":77,"column":47},"end":{"line":77,"column":null}},"type":"cond-expr","locations":[{"start":{"line":77,"column":81},"end":{"line":77,"column":112}},{"start":{"line":77,"column":112},"end":{"line":77,"column":null}}],"line":77},"3":{"loc":{"start":{"line":77,"column":56},"end":{"line":77,"column":81}},"type":"binary-expr","locations":[{"start":{"line":77,"column":56},"end":{"line":77,"column":71}},{"start":{"line":77,"column":71},"end":{"line":77,"column":81}}],"line":77},"4":{"loc":{"start":{"line":78,"column":48},"end":{"line":78,"column":73}},"type":"if","locations":[{"start":{"line":78,"column":48},"end":{"line":78,"column":73}},{"start":{},"end":{}}],"line":78},"5":{"loc":{"start":{"line":81,"column":41},"end":{"line":81,"column":null}},"type":"cond-expr","locations":[{"start":{"line":81,"column":54},"end":{"line":81,"column":60}},{"start":{"line":81,"column":60},"end":{"line":81,"column":null}}],"line":81},"6":{"loc":{"start":{"line":87,"column":13},"end":{"line":87,"column":null}},"type":"cond-expr","locations":[{"start":{"line":87,"column":26},"end":{"line":87,"column":42}},{"start":{"line":87,"column":42},"end":{"line":87,"column":null}}],"line":87},"7":{"loc":{"start":{"line":90,"column":9},"end":{"line":90,"column":null}},"type":"binary-expr","locations":[{"start":{"line":90,"column":9},"end":{"line":90,"column":18}},{"start":{"line":90,"column":18},"end":{"line":90,"column":null}}],"line":90}},"s":{"0":51,"1":51,"2":51,"3":51,"4":51,"5":5,"6":2,"7":2,"8":3,"9":3,"10":3,"11":2,"12":2,"13":0,"14":0,"15":0,"16":0,"17":0,"18":51,"19":3,"20":48,"21":240,"22":5,"23":5,"24":1,"25":5,"26":0,"27":14},"f":{"0":51,"1":5,"2":2,"3":0,"4":240,"5":5,"6":5,"7":0,"8":14},"b":{"0":[2,3],"1":[3,48],"2":[110,130],"3":[240,120],"4":[1,4],"5":[192,48],"6":[19,29],"7":[51,3]},"meta":{"lastBranch":8,"lastFunction":9,"lastStatement":28,"seen":{"f:15:24:15:36":0,"s:22:17:22:Infinity":0,"s:23:22:23:Infinity":1,"s:24:18:24:Infinity":2,"s:25:16:25:Infinity":3,"s:26:20:26:Infinity":4,"f:28:11:28:26":1,"b:29:4:32:Infinity:undefined:undefined:undefined:undefined":0,"s:29:4:32:Infinity":5,"s:30:6:30:Infinity":6,"s:31:6:31:Infinity":7,"s:33:4:33:Infinity":8,"s:34:4:34:Infinity":9,"s:35:4:35:Infinity":10,"f:38:11:38:25":2,"s:39:4:39:Infinity":11,"s:41:4:47:Infinity":12,"f:41:4:41:21":3,"s:42:6:42:Infinity":13,"s:43:6:43:Infinity":14,"s:44:6:44:Infinity":15,"s:45:6:45:Infinity":16,"s:46:6:46:Infinity":17,"b:50:2:61:Infinity:undefined:undefined:undefined:undefined":1,"s:50:2:61:Infinity":18,"s:51:4:59:Infinity":19,"s:63:2:107:Infinity":20,"f:73:27:73:32":4,"s:74:12:84:Infinity":21,"b:77:81:77:112:77:112:77:Infinity":2,"b:77:56:77:71:77:71:77:81":3,"f:78:14:78:29":5,"s:78:31:78:48":22,"b:78:48:78:73:undefined:undefined:undefined:undefined":4,"s:78:48:78:73":23,"s:78:59:78:73":24,"f:79:14:79:34":6,"s:79:34:79:Infinity":25,"f:80:14:80:34":7,"s:80:34:80:Infinity":26,"b:81:54:81:60:81:60:81:Infinity":5,"b:87:26:87:42:87:42:87:Infinity":6,"b:90:9:90:18:90:18:90:Infinity":7,"f:98:12:98:23":8,"s:98:29:98:Infinity":27},"fnNames":{}}}
,"/Users/jiyeon/Downloads/local-produce-exchange-main/frontend/src/components/layout/Navbar.css": {"path":"/Users/jiyeon/Downloads/local-produce-exchange-main/frontend/src/components/layout/Navbar.css","statementMap":{},"fnMap":{},"branchMap":{},"s":{},"f":{},"b":{},"meta":{"lastBranch":0,"lastFunction":0,"lastStatement":0,"seen":{},"fnNames":{}}}
,"/Users/jiyeon/Downloads/local-produce-exchange-main/frontend/src/components/layout/Navbar.tsx": {"path":"/Users/jiyeon/Downloads/local-produce-exchange-main/frontend/src/components/layout/Navbar.tsx","statementMap":{"0":{"start":{"line":10,"column":8},"end":{"line":10,"column":null}},"1":{"start":{"line":13,"column":4},"end":{"line":13,"column":null}},"2":{"start":{"line":14,"column":4},"end":{"line":14,"column":null}},"3":{"start":{"line":17,"column":2},"end":{"line":93,"column":null}}},"fnMap":{"0":{"name":"Navbar","decl":{"start":{"line":9,"column":24},"end":{"line":9,"column":31}},"loc":{"start":{"line":9,"column":70},"end":{"line":95,"column":null}},"line":9},"1":{"name":"handleLogout","decl":{"start":{"line":12,"column":11},"end":{"line":12,"column":26}},"loc":{"start":{"line":12,"column":26},"end":{"line":15,"column":null}},"line":12}},"branchMap":{"0":{"loc":{"start":{"line":26,"column":11},"end":{"line":89,"column":null}},"type":"cond-expr","locations":[{"start":{"line":27,"column":12},"end":{"line":73,"column":null}},{"start":{"line":73,"column":12},"end":{"line":89,"column":null}}],"line":26}},"s":{"0":11,"1":2,"2":2,"3":11},"f":{"0":11,"1":2},"b":{"0":[7,4]},"meta":{"lastBranch":1,"lastFunction":2,"lastStatement":4,"seen":{"f:9:24:9:31":0,"s:10:8:10:Infinity":0,"f:12:11:12:26":1,"s:13:4:13:Infinity":1,"s:14:4:14:Infinity":2,"s:17:2:93:Infinity":3,"b:27:12:73:Infinity:73:12:89:Infinity":0},"fnNames":{}}}
,"/Users/jiyeon/Downloads/local-produce-exchange-main/frontend/src/components/ui/Button.css": {"path":"/Users/jiyeon/Downloads/local-produce-exchange-main/frontend/src/components/ui/Button.css","statementMap":{},"fnMap":{},"branchMap":{},"s":{},"f":{},"b":{},"meta":{"lastBranch":0,"lastFunction":0,"lastStatement":0,"seen":{},"fnNames":{}}}
,"/Users/jiyeon/Downloads/local-produce-exchange-main/frontend/src/components/ui/Button.tsx": {"path":"/Users/jiyeon/Downloads/local-produce-exchange-main/frontend/src/components/ui/Button.tsx","statementMap":{"0":{"start":{"line":22,"column":2},"end":{"line":30,"column":null}}},"fnMap":{"0":{"name":"Button","decl":{"start":{"line":13,"column":24},"end":{"line":13,"column":31}},"loc":{"start":{"line":21,"column":16},"end":{"line":32,"column":null}},"line":21}},"branchMap":{"0":{"loc":{"start":{"line":14,"column":2},"end":{"line":14,"column":null}},"type":"default-arg","locations":[{"start":{"line":14,"column":12},"end":{"line":14,"column":null}}],"line":14},"1":{"loc":{"start":{"line":15,"column":2},"end":{"line":15,"column":null}},"type":"default-arg","locations":[{"start":{"line":15,"column":9},"end":{"line":15,"column":null}}],"line":15},"2":{"loc":{"start":{"line":16,"column":2},"end":{"line":16,"column":null}},"type":"default-arg","locations":[{"start":{"line":16,"column":12},"end":{"line":16,"column":null}}],"line":16},"3":{"loc":{"start":{"line":19,"column":2},"end":{"line":19,"column":null}},"type":"default-arg","locations":[{"start":{"line":19,"column":14},"end":{"line":19,"column":null}}],"line":19},"4":{"loc":{"start":{"line":25,"column":16},"end":{"line":25,"column":null}},"type":"binary-expr","locations":[{"start":{"line":25,"column":16},"end":{"line":25,"column":28}},{"start":{"line":25,"column":28},"end":{"line":25,"column":null}}],"line":25},"5":{"loc":{"start":{"line":28,"column":7},"end":{"line":28,"column":null}},"type":"cond-expr","locations":[{"start":{"line":28,"column":17},"end":{"line":28,"column":null}},{"start":{"line":28,"column":72},"end":{"line":28,"column":null}}],"line":28},"6":{"loc":{"start":{"line":29,"column":23},"end":{"line":29,"column":61}},"type":"cond-expr","locations":[{"start":{"line":29,"column":33},"end":{"line":29,"column":56}},{"start":{"line":29,"column":56},"end":{"line":29,"column":61}}],"line":29}},"s":{"0":2553},"f":{"0":2553},"b":{"0":[2553],"1":[2553],"2":[2553],"3":[2553],"4":[2553,2540],"5":[1,2552],"6":[1,2552]},"meta":{"lastBranch":7,"lastFunction":1,"lastStatement":1,"seen":{"f:13:24:13:31":0,"b:14:12:14:Infinity":0,"b:15:9:15:Infinity":1,"b:16:12:16:Infinity":2,"b:19:14:19:Infinity":3,"s:22:2:30:Infinity":0,"b:25:16:25:28:25:28:25:Infinity":4,"b:28:17:28:Infinity:28:72:28:Infinity":5,"b:29:33:29:56:29:56:29:61":6},"fnNames":{}}}
,"/Users/jiyeon/Downloads/local-produce-exchange-main/frontend/src/components/ui/Card.css": {"path":"/Users/jiyeon/Downloads/local-produce-exchange-main/frontend/src/components/ui/Card.css","statementMap":{},"fnMap":{},"branchMap":{},"s":{},"f":{},"b":{},"meta":{"lastBranch":0,"lastFunction":0,"lastStatement":0,"seen":{},"fnNames":{}}}
,"/Users/jiyeon/Downloads/local-produce-exchange-main/frontend/src/components/ui/Card.tsx": {"path":"/Users/jiyeon/Downloads/local-produce-exchange-main/frontend/src/components/ui/Card.tsx","statementMap":{"0":{"start":{"line":16,"column":2},"end":{"line":19,"column":null}},"1":{"start":{"line":30,"column":2},"end":{"line":33,"column":null}},"2":{"start":{"line":42,"column":2},"end":{"line":42,"column":null}},"3":{"start":{"line":50,"column":2},"end":{"line":50,"column":null}}},"fnMap":{"0":{"name":"Card","decl":{"start":{"line":10,"column":24},"end":{"line":10,"column":29}},"loc":{"start":{"line":15,"column":14},"end":{"line":21,"column":null}},"line":15},"1":{"name":"CardImage","decl":{"start":{"line":29,"column":16},"end":{"line":29,"column":26}},"loc":{"start":{"line":29,"column":77},"end":{"line":35,"column":null}},"line":29},"2":{"name":"CardBody","decl":{"start":{"line":41,"column":16},"end":{"line":41,"column":25}},"loc":{"start":{"line":41,"column":54},"end":{"line":43,"column":null}},"line":41},"3":{"name":"CardFooter","decl":{"start":{"line":49,"column":16},"end":{"line":49,"column":27}},"loc":{"start":{"line":49,"column":58},"end":{"line":51,"column":null}},"line":49}},"branchMap":{"0":{"loc":{"start":{"line":12,"column":2},"end":{"line":12,"column":null}},"type":"default-arg","locations":[{"start":{"line":12,"column":12},"end":{"line":12,"column":null}}],"line":12},"1":{"loc":{"start":{"line":13,"column":2},"end":{"line":13,"column":null}},"type":"default-arg","locations":[{"start":{"line":13,"column":12},"end":{"line":13,"column":null}}],"line":13},"2":{"loc":{"start":{"line":14,"column":2},"end":{"line":14,"column":null}},"type":"default-arg","locations":[{"start":{"line":14,"column":14},"end":{"line":14,"column":null}}],"line":14},"3":{"loc":{"start":{"line":29,"column":38},"end":{"line":29,"column":77}},"type":"default-arg","locations":[{"start":{"line":29,"column":52},"end":{"line":29,"column":77}}],"line":29}},"s":{"0":1316,"1":544,"2":1313,"3":607},"f":{"0":1316,"1":544,"2":1313,"3":607},"b":{"0":[1316],"1":[1316],"2":[1316],"3":[544]},"meta":{"lastBranch":4,"lastFunction":4,"lastStatement":4,"seen":{"f:10:24:10:29":0,"b:12:12:12:Infinity":0,"b:13:12:13:Infinity":1,"b:14:14:14:Infinity":2,"s:16:2:19:Infinity":0,"f:29:16:29:26":1,"b:29:52:29:77":3,"s:30:2:33:Infinity":1,"f:41:16:41:25":2,"s:42:2:42:Infinity":2,"f:49:16:49:27":3,"s:50:2:50:Infinity":3},"fnNames":{}}}
,"/Users/jiyeon/Downloads/local-produce-exchange-main/frontend/src/components/ui/FormField.css": {"path":"/Users/jiyeon/Downloads/local-produce-exchange-main/frontend/src/components/ui/FormField.css","statementMap":{},"fnMap":{},"branchMap":{},"s":{},"f":{},"b":{},"meta":{"lastBranch":0,"lastFunction":0,"lastStatement":0,"seen":{},"fnNames":{}}}
,"/Users/jiyeon/Downloads/local-produce-exchange-main/frontend/src/components/ui/FormField.tsx": {"path":"/Users/jiyeon/Downloads/local-produce-exchange-main/frontend/src/components/ui/FormField.tsx","statementMap":{"0":{"start":{"line":22,"column":2},"end":{"line":37,"column":null}},"1":{"start":{"line":46,"column":2},"end":{"line":50,"column":null}},"2":{"start":{"line":59,"column":2},"end":{"line":63,"column":null}}},"fnMap":{"0":{"name":"FormField","decl":{"start":{"line":13,"column":24},"end":{"line":13,"column":34}},"loc":{"start":{"line":21,"column":19},"end":{"line":39,"column":null}},"line":21},"1":{"name":"Input","decl":{"start":{"line":45,"column":16},"end":{"line":45,"column":22}},"loc":{"start":{"line":45,"column":74},"end":{"line":52,"column":null}},"line":45},"2":{"name":"Textarea","decl":{"start":{"line":58,"column":16},"end":{"line":58,"column":25}},"loc":{"start":{"line":58,"column":80},"end":{"line":65,"column":null}},"line":58}},"branchMap":{"0":{"loc":{"start":{"line":18,"column":2},"end":{"line":18,"column":null}},"type":"default-arg","locations":[{"start":{"line":18,"column":13},"end":{"line":18,"column":null}}],"line":18},"1":{"loc":{"start":{"line":20,"column":2},"end":{"line":20,"column":null}},"type":"default-arg","locations":[{"start":{"line":20,"column":14},"end":{"line":20,"column":null}}],"line":20},"2":{"loc":{"start":{"line":23,"column":34},"end":{"line":23,"column":67}},"type":"cond-expr","locations":[{"start":{"line":23,"column":42},"end":{"line":23,"column":64}},{"start":{"line":23,"column":64},"end":{"line":23,"column":67}}],"line":23},"3":{"loc":{"start":{"line":26,"column":9},"end":{"line":27,"column":null}},"type":"binary-expr","locations":[{"start":{"line":26,"column":9},"end":{"line":26,"column":21}},{"start":{"line":26,"column":21},"end":{"line":27,"column":null}}],"line":26},"4":{"loc":{"start":{"line":29,"column":7},"end":{"line":32,"column":null}},"type":"binary-expr","locations":[{"start":{"line":29,"column":7},"end":{"line":29,"column":null}},{"start":{"line":30,"column":8},"end":{"line":32,"column":null}}],"line":29},"5":{"loc":{"start":{"line":34,"column":7},"end":{"line":35,"column":null}},"type":"binary-expr","locations":[{"start":{"line":34,"column":7},"end":{"line":34,"column":17}},{"start":{"line":34,"column":17},"end":{"line":34,"column":null}},{"start":{"line":35,"column":8},"end":{"line":35,"column":null}}],"line":34},"6":{"loc":{"start":{"line":45,"column":34},"end":{"line":45,"column":50}},"type":"default-arg","locations":[{"start":{"line":45,"column":46},"end":{"line":45,"column":50}}],"line":45},"7":{"loc":{"start":{"line":48,"column":38},"end":{"line":48,"column":81}},"type":"cond-expr","locations":[{"start":{"line":48,"column":49},"end":{"line":48,"column":78}},{"start":{"line":48,"column":78},"end":{"line":48,"column":81}}],"line":48},"8":{"loc":{"start":{"line":58,"column":37},"end":{"line":58,"column":53}},"type":"default-arg","locations":[{"start":{"line":58,"column":49},"end":{"line":58,"column":53}}],"line":58},"9":{"loc":{"start":{"line":61,"column":41},"end":{"line":61,"column":84}},"type":"cond-expr","locations":[{"start":{"line":61,"column":52},"end":{"line":61,"column":81}},{"start":{"line":61,"column":81},"end":{"line":61,"column":84}}],"line":61}},"s":{"0":3817,"1":3113,"2":545},"f":{"0":3817,"1":3113,"2":545},"b":{"0":[3817],"1":[3817],"2":[83,3734],"3":[3817,3312],"4":[3817,83],"5":[3817,3734,796],"6":[3113],"7":[65,3048],"8":[545],"9":[17,528]},"meta":{"lastBranch":10,"lastFunction":3,"lastStatement":3,"seen":{"f:13:24:13:34":0,"b:18:13:18:Infinity":0,"b:20:14:20:Infinity":1,"s:22:2:37:Infinity":0,"b:23:42:23:64:23:64:23:67":2,"b:26:9:26:21:26:21:27:Infinity":3,"b:29:7:29:Infinity:30:8:32:Infinity":4,"b:34:7:34:17:34:17:34:Infinity:35:8:35:Infinity":5,"f:45:16:45:22":1,"b:45:46:45:50":6,"s:46:2:50:Infinity":1,"b:48:49:48:78:48:78:48:81":7,"f:58:16:58:25":2,"b:58:49:58:53":8,"s:59:2:63:Infinity":2,"b:61:52:61:81:61:81:61:84":9},"fnNames":{}}}
,"/Users/jiyeon/Downloads/local-produce-exchange-main/frontend/src/components/ui/Modal.css": {"path":"/Users/jiyeon/Downloads/local-produce-exchange-main/frontend/src/components/ui/Modal.css","statementMap":{},"fnMap":{},"branchMap":{},"s":{},"f":{},"b":{},"meta":{"lastBranch":0,"lastFunction":0,"lastStatement":0,"seen":{},"fnNames":{}}}
,"/Users/jiyeon/Downloads/local-produce-exchange-main/frontend/src/components/ui/Modal.tsx": {"path":"/Users/jiyeon/Downloads/local-produce-exchange-main/frontend/src/components/ui/Modal.tsx","statementMap":{"0":{"start":{"line":19,"column":2},"end":{"line":38,"column":null}},"1":{"start":{"line":47,"column":2},"end":{"line":47,"column":null}}},"fnMap":{"0":{"name":"Modal","decl":{"start":{"line":12,"column":24},"end":{"line":12,"column":30}},"loc":{"start":{"line":18,"column":15},"end":{"line":40,"column":null}},"line":18},"1":{"name":"ModalFooter","decl":{"start":{"line":46,"column":16},"end":{"line":46,"column":28}},"loc":{"start":{"line":46,"column":60},"end":{"line":48,"column":null}},"line":46}},"branchMap":{"0":{"loc":{"start":{"line":25,"column":11},"end":{"line":28,"column":null}},"type":"binary-expr","locations":[{"start":{"line":25,"column":11},"end":{"line":25,"column":null}},{"start":{"line":26,"column":12},"end":{"line":28,"column":null}}],"line":25}},"s":{"0":112,"1":43},"f":{"0":112,"1":43},"b":{"0":[112,103]},"meta":{"lastBranch":1,"lastFunction":2,"lastStatement":2,"seen":{"f:12:24:12:30":0,"s:19:2:38:Infinity":0,"b:25:11:25:Infinity:26:12:28:Infinity":0,"f:46:16:46:28":1,"s:47:2:47:Infinity":1},"fnNames":{}}}
,"/Users/jiyeon/Downloads/local-produce-exchange-main/frontend/src/components/ui/PageHeader.css": {"path":"/Users/jiyeon/Downloads/local-produce-exchange-main/frontend/src/components/ui/PageHeader.css","statementMap":{},"fnMap":{},"branchMap":{},"s":{},"f":{},"b":{},"meta":{"lastBranch":0,"lastFunction":0,"lastStatement":0,"seen":{},"fnNames":{}}}
,"/Users/jiyeon/Downloads/local-produce-exchange-main/frontend/src/components/ui/PageHeader.tsx": {"path":"/Users/jiyeon/Downloads/local-produce-exchange-main/frontend/src/components/ui/PageHeader.tsx","statementMap":{"0":{"start":{"line":16,"column":2},"end":{"line":23,"column":null}}},"fnMap":{"0":{"name":"PageHeader","decl":{"start":{"line":10,"column":24},"end":{"line":10,"column":35}},"loc":{"start":{"line":15,"column":20},"end":{"line":25,"column":null}},"line":15}},"branchMap":{"0":{"loc":{"start":{"line":14,"column":2},"end":{"line":14,"column":null}},"type":"default-arg","locations":[{"start":{"line":14,"column":14},"end":{"line":14,"column":null}}],"line":14},"1":{"loc":{"start":{"line":20,"column":9},"end":{"line":21,"column":null}},"type":"binary-expr","locations":[{"start":{"line":20,"column":9},"end":{"line":20,"column":21}},{"start":{"line":20,"column":21},"end":{"line":21,"column":null}}],"line":20},"2":{"loc":{"start":{"line":22,"column":7},"end":{"line":23,"column":null}},"type":"binary-expr","locations":[{"start":{"line":22,"column":7},"end":{"line":22,"column":17}},{"start":{"line":22,"column":17},"end":{"line":23,"column":null}}],"line":22}},"s":{"0":452},"f":{"0":452},"b":{"0":[452],"1":[452,431],"2":[452,131]},"meta":{"lastBranch":3,"lastFunction":1,"lastStatement":1,"seen":{"f:10:24:10:35":0,"b:14:14:14:Infinity":0,"s:16:2:23:Infinity":0,"b:20:9:20:21:20:21:21:Infinity":1,"b:22:7:22:17:22:17:23:Infinity":2},"fnNames":{}}}
,"/Users/jiyeon/Downloads/local-produce-exchange-main/frontend/src/components/ui/SearchBar.css": {"path":"/Users/jiyeon/Downloads/local-produce-exchange-main/frontend/src/components/ui/SearchBar.css","statementMap":{},"fnMap":{},"branchMap":{},"s":{},"f":{},"b":{},"meta":{"lastBranch":0,"lastFunction":0,"lastStatement":0,"seen":{},"fnNames":{}}}
,"/Users/jiyeon/Downloads/local-produce-exchange-main/frontend/src/components/ui/SearchBar.tsx": {"path":"/Users/jiyeon/Downloads/local-produce-exchange-main/frontend/src/components/ui/SearchBar.tsx","statementMap":{"0":{"start":{"line":17,"column":16},"end":{"line":17,"column":null}},"1":{"start":{"line":20,"column":4},"end":{"line":20,"column":null}},"2":{"start":{"line":21,"column":4},"end":{"line":21,"column":null}},"3":{"start":{"line":25,"column":4},"end":{"line":25,"column":null}},"4":{"start":{"line":26,"column":4},"end":{"line":26,"column":null}},"5":{"start":{"line":29,"column":2},"end":{"line":67,"column":null}},"6":{"start":{"line":51,"column":25},"end":{"line":51,"column":null}}},"fnMap":{"0":{"name":"SearchBar","decl":{"start":{"line":11,"column":24},"end":{"line":11,"column":34}},"loc":{"start":{"line":16,"column":19},"end":{"line":69,"column":null}},"line":16},"1":{"name":"handleSubmit","decl":{"start":{"line":19,"column":11},"end":{"line":19,"column":24}},"loc":{"start":{"line":19,"column":44},"end":{"line":22,"column":null}},"line":19},"2":{"name":"handleClear","decl":{"start":{"line":24,"column":11},"end":{"line":24,"column":25}},"loc":{"start":{"line":24,"column":25},"end":{"line":27,"column":null}},"line":24},"3":{"name":"(anonymous_3)","decl":{"start":{"line":51,"column":8},"end":{"line":51,"column":19}},"loc":{"start":{"line":51,"column":25},"end":{"line":51,"column":null}},"line":51}},"branchMap":{"0":{"loc":{"start":{"line":12,"column":2},"end":{"line":12,"column":null}},"type":"default-arg","locations":[{"start":{"line":12,"column":16},"end":{"line":12,"column":null}}],"line":12},"1":{"loc":{"start":{"line":14,"column":2},"end":{"line":14,"column":null}},"type":"default-arg","locations":[{"start":{"line":14,"column":17},"end":{"line":14,"column":null}}],"line":14},"2":{"loc":{"start":{"line":15,"column":2},"end":{"line":15,"column":null}},"type":"default-arg","locations":[{"start":{"line":15,"column":14},"end":{"line":15,"column":null}}],"line":15},"3":{"loc":{"start":{"line":54,"column":7},"end":{"line":62,"column":null}},"type":"binary-expr","locations":[{"start":{"line":54,"column":7},"end":{"line":54,"column":null}},{"start":{"line":55,"column":8},"end":{"line":62,"column":null}}],"line":54}},"s":{"0":174,"1":2,"2":2,"3":1,"4":1,"5":174,"6":98},"f":{"0":174,"1":2,"2":1,"3":98},"b":{"0":[174],"1":[174],"2":[174],"3":[174,98]},"meta":{"lastBranch":4,"lastFunction":4,"lastStatement":7,"seen":{"f:11:24:11:34":0,"b:12:16:12:Infinity":0,"b:14:17:14:Infinity":1,"b:15:14:15:Infinity":2,"s:17:16:17:Infinity":0,"f:19:11:19:24":1,"s:20:4:20:Infinity":1,"s:21:4:21:Infinity":2,"f:24:11:24:25":2,"s:25:4:25:Infinity":3,"s:26:4:26:Infinity":4,"s:29:2:67:Infinity":5,"f:51:8:51:19":3,"s:51:25:51:Infinity":6,"b:54:7:54:Infinity:55:8:62:Infinity":3},"fnNames":{}}}
,"/Users/jiyeon/Downloads/local-produce-exchange-main/frontend/src/components/ui/StatusBadge.css": {"path":"/Users/jiyeon/Downloads/local-produce-exchange-main/frontend/src/components/ui/StatusBadge.css","statementMap":{},"fnMap":{},"branchMap":{},"s":{},"f":{},"b":{},"meta":{"lastBranch":0,"lastFunction":0,"lastStatement":0,"seen":{},"fnNames":{}}}
,"/Users/jiyeon/Downloads/local-produce-exchange-main/frontend/src/components/ui/StatusBadge.tsx": {"path":"/Users/jiyeon/Downloads/local-produce-exchange-main/frontend/src/components/ui/StatusBadge.tsx","statementMap":{"0":{"start":{"line":24,"column":51},"end":{"line":38,"column":null}},"1":{"start":{"line":45,"column":2},"end":{"line":48,"column":null}}},"fnMap":{"0":{"name":"StatusBadge","decl":{"start":{"line":40,"column":24},"end":{"line":40,"column":36}},"loc":{"start":{"line":44,"column":21},"end":{"line":50,"column":null}},"line":44}},"branchMap":{"0":{"loc":{"start":{"line":43,"column":2},"end":{"line":43,"column":null}},"type":"default-arg","locations":[{"start":{"line":43,"column":14},"end":{"line":43,"column":null}}],"line":43},"1":{"loc":{"start":{"line":47,"column":7},"end":{"line":47,"column":null}},"type":"binary-expr","locations":[{"start":{"line":47,"column":7},"end":{"line":47,"column":16}},{"start":{"line":47,"column":16},"end":{"line":47,"column":null}}],"line":47}},"s":{"0":11,"1":1208},"f":{"0":1208},"b":{"0":[1208],"1":[1208,1197]},"meta":{"lastBranch":2,"lastFunction":1,"lastStatement":2,"seen":{"s:24:51:38:Infinity":0,"f:40:24:40:36":0,"b:43:14:43:Infinity":0,"s:45:2:48:Infinity":1,"b:47:7:47:16:47:16:47:Infinity":1},"fnNames":{}}}
,"/Users/jiyeon/Downloads/local-produce-exchange-main/frontend/src/context/AuthContext.tsx": {"path":"/Users/jiyeon/Downloads/local-produce-exchange-main/frontend/src/context/AuthContext.tsx","statementMap":{"0":{"start":{"line":21,"column":6},"end":{"line":21,"column":null}},"1":{"start":{"line":24,"column":15},"end":{"line":24,"column":null}},"2":{"start":{"line":25,"column":20},"end":{"line":25,"column":null}},"3":{"start":{"line":27,"column":2},"end":{"line":38,"column":null}},"4":{"start":{"line":28,"column":10},"end":{"line":28,"column":null}},"5":{"start":{"line":29,"column":4},"end":{"line":32,"column":null}},"6":{"start":{"line":30,"column":6},"end":{"line":30,"column":null}},"7":{"start":{"line":31,"column":6},"end":{"line":31,"column":null}},"8":{"start":{"line":34,"column":4},"end":{"line":37,"column":null}},"9":{"start":{"line":36,"column":7},"end":{"line":36,"column":31}},"10":{"start":{"line":37,"column":21},"end":{"line":37,"column":40}},"11":{"start":{"line":41,"column":26},"end":{"line":41,"column":null}},"12":{"start":{"line":42,"column":4},"end":{"line":42,"column":null}},"13":{"start":{"line":43,"column":15},"end":{"line":43,"column":null}},"14":{"start":{"line":44,"column":4},"end":{"line":44,"column":null}},"15":{"start":{"line":48,"column":4},"end":{"line":48,"column":null}},"16":{"start":{"line":49,"column":4},"end":{"line":49,"column":null}},"17":{"start":{"line":53,"column":4},"end":{"line":53,"column":null}},"18":{"start":{"line":54,"column":4},"end":{"line":54,"column":null}},"19":{"start":{"line":57,"column":2},"end":{"line":62,"column":null}},"20":{"start":{"line":67,"column":8},"end":{"line":67,"column":null}},"21":{"start":{"line":68,"column":2},"end":{"line":70,"column":null}},"22":{"start":{"line":69,"column":4},"end":{"line":69,"column":null}},"23":{"start":{"line":71,"column":2},"end":{"line":71,"column":null}}},"fnMap":{"0":{"name":"AuthProvider","decl":{"start":{"line":23,"column":16},"end":{"line":23,"column":29}},"loc":{"start":{"line":23,"column":68},"end":{"line":64,"column":null}},"line":23},"1":{"name":"(anonymous_1)","decl":{"start":{"line":27,"column":2},"end":{"line":27,"column":18}},"loc":{"start":{"line":27,"column":18},"end":{"line":38,"column":5}},"line":27},"2":{"name":"(anonymous_2)","decl":{"start":{"line":36,"column":7},"end":{"line":36,"column":19}},"loc":{"start":{"line":36,"column":7},"end":{"line":36,"column":31}},"line":36},"3":{"name":"(anonymous_3)","decl":{"start":{"line":37,"column":7},"end":{"line":37,"column":21}},"loc":{"start":{"line":37,"column":21},"end":{"line":37,"column":40}},"line":37},"4":{"name":"login","decl":{"start":{"line":40,"column":17},"end":{"line":40,"column":23}},"loc":{"start":{"line":40,"column":56},"end":{"line":45,"column":null}},"line":40},"5":{"name":"register","decl":{"start":{"line":47,"column":17},"end":{"line":47,"column":26}},"loc":{"start":{"line":47,"column":73},"end":{"line":50,"column":null}},"line":47},"6":{"name":"logout","decl":{"start":{"line":52,"column":11},"end":{"line":52,"column":20}},"loc":{"start":{"line":52,"column":20},"end":{"line":55,"column":null}},"line":52},"7":{"name":"useAuth","decl":{"start":{"line":66,"column":16},"end":{"line":66,"column":44}},"loc":{"start":{"line":66,"column":44},"end":{"line":72,"column":null}},"line":66}},"branchMap":{"0":{"loc":{"start":{"line":29,"column":4},"end":{"line":32,"column":null}},"type":"if","locations":[{"start":{"line":29,"column":4},"end":{"line":32,"column":null}},{"start":{},"end":{}}],"line":29},"1":{"loc":{"start":{"line":68,"column":2},"end":{"line":70,"column":null}},"type":"if","locations":[{"start":{"line":68,"column":2},"end":{"line":70,"column":null}},{"start":{},"end":{}}],"line":68}},"s":{"0":17,"1":463,"2":463,"3":463,"4":228,"5":228,"6":226,"7":226,"8":2,"9":1,"10":2,"11":9,"12":6,"13":6,"14":6,"15":2,"16":2,"17":1,"18":1,"19":463,"20":467,"21":467,"22":0,"23":467},"f":{"0":463,"1":228,"2":1,"3":2,"4":9,"5":2,"6":1,"7":467},"b":{"0":[226,2],"1":[0,467]},"meta":{"lastBranch":2,"lastFunction":8,"lastStatement":24,"seen":{"s:21:6:21:Infinity":0,"f:23:16:23:29":0,"s:24:15:24:Infinity":1,"s:25:20:25:Infinity":2,"s:27:2:38:Infinity":3,"f:27:2:27:18":1,"s:28:10:28:Infinity":4,"b:29:4:32:Infinity:undefined:undefined:undefined:undefined":0,"s:29:4:32:Infinity":5,"s:30:6:30:Infinity":6,"s:31:6:31:Infinity":7,"s:34:4:37:Infinity":8,"f:36:7:36:19":2,"s:36:7:36:31":9,"f:37:7:37:21":3,"s:37:21:37:40":10,"f:40:17:40:23":4,"s:41:26:41:Infinity":11,"s:42:4:42:Infinity":12,"s:43:15:43:Infinity":13,"s:44:4:44:Infinity":14,"f:47:17:47:26":5,"s:48:4:48:Infinity":15,"s:49:4:49:Infinity":16,"f:52:11:52:20":6,"s:53:4:53:Infinity":17,"s:54:4:54:Infinity":18,"s:57:2:62:Infinity":19,"f:66:16:66:44":7,"s:67:8:67:Infinity":20,"b:68:2:70:Infinity:undefined:undefined:undefined:undefined":1,"s:68:2:70:Infinity":21,"s:69:4:69:Infinity":22,"s:71:2:71:Infinity":23},"fnNames":{}}}
,"/Users/jiyeon/Downloads/local-produce-exchange-main/frontend/src/data/mockData.ts": {"path":"/Users/jiyeon/Downloads/local-produce-exchange-main/frontend/src/data/mockData.ts","statementMap":{"0":{"start":{"line":3,"column":33},"end":{"line":67,"column":null}},"1":{"start":{"line":69,"column":44},"end":{"line":118,"column":null}},"2":{"start":{"line":120,"column":39},"end":{"line":316,"column":null}},"3":{"start":{"line":318,"column":49},"end":{"line":346,"column":null}},"4":{"start":{"line":348,"column":49},"end":{"line":421,"column":null}},"5":{"start":{"line":423,"column":42},"end":{"line":480,"column":null}},"6":{"start":{"line":482,"column":45},"end":{"line":497,"column":null}},"7":{"start":{"line":499,"column":47},"end":{"line":502,"column":null}},"8":{"start":{"line":504,"column":44},"end":{"line":566,"column":null}},"9":{"start":{"line":570,"column":2},"end":{"line":570,"column":null}},"10":{"start":{"line":570,"column":31},"end":{"line":570,"column":47}},"11":{"start":{"line":574,"column":2},"end":{"line":574,"column":null}},"12":{"start":{"line":574,"column":37},"end":{"line":574,"column":58}},"13":{"start":{"line":578,"column":2},"end":{"line":578,"column":null}},"14":{"start":{"line":578,"column":34},"end":{"line":578,"column":53}},"15":{"start":{"line":582,"column":2},"end":{"line":582,"column":null}},"16":{"start":{"line":582,"column":36},"end":{"line":582,"column":66}},"17":{"start":{"line":586,"column":2},"end":{"line":586,"column":null}},"18":{"start":{"line":586,"column":36},"end":{"line":586,"column":85}},"19":{"start":{"line":590,"column":2},"end":{"line":590,"column":null}},"20":{"start":{"line":590,"column":33},"end":{"line":590,"column":51}},"21":{"start":{"line":594,"column":2},"end":{"line":594,"column":null}},"22":{"start":{"line":594,"column":35},"end":{"line":594,"column":69}},"23":{"start":{"line":598,"column":2},"end":{"line":598,"column":null}},"24":{"start":{"line":598,"column":33},"end":{"line":598,"column":63}},"25":{"start":{"line":602,"column":2},"end":{"line":602,"column":null}},"26":{"start":{"line":602,"column":39},"end":{"line":602,"column":69}},"27":{"start":{"line":606,"column":21},"end":{"line":608,"column":null}},"28":{"start":{"line":607,"column":11},"end":{"line":607,"column":null}},"29":{"start":{"line":609,"column":2},"end":{"line":609,"column":null}},"30":{"start":{"line":613,"column":2},"end":{"line":613,"column":null}},"31":{"start":{"line":613,"column":40},"end":{"line":613,"column":96}}},"fnMap":{"0":{"name":"getUserById","decl":{"start":{"line":569,"column":16},"end":{"line":569,"column":28}},"loc":{"start":{"line":569,"column":58},"end":{"line":571,"column":null}},"line":569},"1":{"name":"(anonymous_1)","decl":{"start":{"line":570,"column":19},"end":{"line":570,"column":25}},"loc":{"start":{"line":570,"column":31},"end":{"line":570,"column":47}},"line":570},"2":{"name":"getCommunityById","decl":{"start":{"line":573,"column":16},"end":{"line":573,"column":33}},"loc":{"start":{"line":573,"column":68},"end":{"line":575,"column":null}},"line":573},"3":{"name":"(anonymous_3)","decl":{"start":{"line":574,"column":25},"end":{"line":574,"column":31}},"loc":{"start":{"line":574,"column":37},"end":{"line":574,"column":58}},"line":574},"4":{"name":"getListingById","decl":{"start":{"line":577,"column":16},"end":{"line":577,"column":31}},"loc":{"start":{"line":577,"column":64},"end":{"line":579,"column":null}},"line":577},"5":{"name":"(anonymous_5)","decl":{"start":{"line":578,"column":22},"end":{"line":578,"column":28}},"loc":{"start":{"line":578,"column":34},"end":{"line":578,"column":53}},"line":578},"6":{"name":"getListingsByCommunity","decl":{"start":{"line":581,"column":16},"end":{"line":581,"column":39}},"loc":{"start":{"line":581,"column":71},"end":{"line":583,"column":null}},"line":581},"7":{"name":"(anonymous_7)","decl":{"start":{"line":582,"column":22},"end":{"line":582,"column":30}},"loc":{"start":{"line":582,"column":36},"end":{"line":582,"column":66}},"line":582},"8":{"name":"getActiveListings","decl":{"start":{"line":585,"column":16},"end":{"line":585,"column":47}},"loc":{"start":{"line":585,"column":47},"end":{"line":587,"column":null}},"line":585},"9":{"name":"(anonymous_9)","decl":{"start":{"line":586,"column":22},"end":{"line":586,"column":30}},"loc":{"start":{"line":586,"column":36},"end":{"line":586,"column":85}},"line":586},"10":{"name":"getThreadById","decl":{"start":{"line":589,"column":16},"end":{"line":589,"column":30}},"loc":{"start":{"line":589,"column":69},"end":{"line":591,"column":null}},"line":589},"11":{"name":"(anonymous_11)","decl":{"start":{"line":590,"column":21},"end":{"line":590,"column":27}},"loc":{"start":{"line":590,"column":33},"end":{"line":590,"column":51}},"line":590},"12":{"name":"getThreadsForUser","decl":{"start":{"line":593,"column":16},"end":{"line":593,"column":34}},"loc":{"start":{"line":593,"column":67},"end":{"line":595,"column":null}},"line":593},"13":{"name":"(anonymous_13)","decl":{"start":{"line":594,"column":21},"end":{"line":594,"column":29}},"loc":{"start":{"line":594,"column":35},"end":{"line":594,"column":69}},"line":594},"14":{"name":"getPostsByCommunity","decl":{"start":{"line":597,"column":16},"end":{"line":597,"column":36}},"loc":{"start":{"line":597,"column":74},"end":{"line":599,"column":null}},"line":597},"15":{"name":"(anonymous_15)","decl":{"start":{"line":598,"column":19},"end":{"line":598,"column":27}},"loc":{"start":{"line":598,"column":33},"end":{"line":598,"column":63}},"line":598},"16":{"name":"getMembersByCommunity","decl":{"start":{"line":601,"column":16},"end":{"line":601,"column":38}},"loc":{"start":{"line":601,"column":73},"end":{"line":603,"column":null}},"line":601},"17":{"name":"(anonymous_17)","decl":{"start":{"line":602,"column":25},"end":{"line":602,"column":33}},"loc":{"start":{"line":602,"column":39},"end":{"line":602,"column":69}},"line":602},"18":{"name":"getUserRole","decl":{"start":{"line":605,"column":16},"end":{"line":605,"column":28}},"loc":{"start":{"line":605,"column":80},"end":{"line":610,"column":null}},"line":605},"19":{"name":"(anonymous_19)","decl":{"start":{"line":606,"column":37},"end":{"line":606,"column":null}},"loc":{"start":{"line":607,"column":11},"end":{"line":607,"column":null}},"line":607},"20":{"name":"getJoinRequestsByCommunity","decl":{"start":{"line":612,"column":16},"end":{"line":612,"column":43}},"loc":{"start":{"line":612,"column":79},"end":{"line":614,"column":null}},"line":612},"21":{"name":"(anonymous_21)","decl":{"start":{"line":613,"column":26},"end":{"line":613,"column":34}},"loc":{"start":{"line":613,"column":40},"end":{"line":613,"column":96}},"line":613}},"branchMap":{"0":{"loc":{"start":{"line":586,"column":36},"end":{"line":586,"column":85}},"type":"binary-expr","locations":[{"start":{"line":586,"column":36},"end":{"line":586,"column":61}},{"start":{"line":586,"column":61},"end":{"line":586,"column":85}}],"line":586},"1":{"loc":{"start":{"line":607,"column":11},"end":{"line":607,"column":null}},"type":"binary-expr","locations":[{"start":{"line":607,"column":11},"end":{"line":607,"column":35}},{"start":{"line":607,"column":35},"end":{"line":607,"column":null}}],"line":607},"2":{"loc":{"start":{"line":609,"column":9},"end":{"line":609,"column":null}},"type":"cond-expr","locations":[{"start":{"line":609,"column":22},"end":{"line":609,"column":40}},{"start":{"line":609,"column":40},"end":{"line":609,"column":null}}],"line":609},"3":{"loc":{"start":{"line":613,"column":40},"end":{"line":613,"column":96}},"type":"binary-expr","locations":[{"start":{"line":613,"column":40},"end":{"line":613,"column":74}},{"start":{"line":613,"column":74},"end":{"line":613,"column":96}}],"line":613}},"s":{"0":13,"1":13,"2":13,"3":13,"4":13,"5":13,"6":13,"7":13,"8":13,"9":633,"10":1471,"11":609,"12":1830,"13":132,"14":382,"15":15,"16":195,"17":0,"18":0,"19":23,"20":23,"21":19,"22":76,"23":36,"24":288,"25":106,"26":1484,"27":43,"28":43,"29":43,"30":2,"31":4},"f":{"0":633,"1":1471,"2":609,"3":1830,"4":132,"5":382,"6":15,"7":195,"8":0,"9":0,"10":23,"11":23,"12":19,"13":76,"14":36,"15":288,"16":106,"17":1484,"18":43,"19":43,"20":2,"21":4},"b":{"0":[0,0],"1":[43,43],"2":[43,0],"3":[4,0]},"meta":{"lastBranch":4,"lastFunction":22,"lastStatement":32,"seen":{"s:3:33:67:Infinity":0,"s:69:44:118:Infinity":1,"s:120:39:316:Infinity":2,"s:318:49:346:Infinity":3,"s:348:49:421:Infinity":4,"s:423:42:480:Infinity":5,"s:482:45:497:Infinity":6,"s:499:47:502:Infinity":7,"s:504:44:566:Infinity":8,"f:569:16:569:28":0,"s:570:2:570:Infinity":9,"f:570:19:570:25":1,"s:570:31:570:47":10,"f:573:16:573:33":2,"s:574:2:574:Infinity":11,"f:574:25:574:31":3,"s:574:37:574:58":12,"f:577:16:577:31":4,"s:578:2:578:Infinity":13,"f:578:22:578:28":5,"s:578:34:578:53":14,"f:581:16:581:39":6,"s:582:2:582:Infinity":15,"f:582:22:582:30":7,"s:582:36:582:66":16,"f:585:16:585:47":8,"s:586:2:586:Infinity":17,"f:586:22:586:30":9,"s:586:36:586:85":18,"b:586:36:586:61:586:61:586:85":0,"f:589:16:589:30":10,"s:590:2:590:Infinity":19,"f:590:21:590:27":11,"s:590:33:590:51":20,"f:593:16:593:34":12,"s:594:2:594:Infinity":21,"f:594:21:594:29":13,"s:594:35:594:69":22,"f:597:16:597:36":14,"s:598:2:598:Infinity":23,"f:598:19:598:27":15,"s:598:33:598:63":24,"f:601:16:601:38":16,"s:602:2:602:Infinity":25,"f:602:25:602:33":17,"s:602:39:602:69":26,"f:605:16:605:28":18,"s:606:21:608:Infinity":27,"f:606:37:606:Infinity":19,"s:607:11:607:Infinity":28,"b:607:11:607:35:607:35:607:Infinity":1,"s:609:2:609:Infinity":29,"b:609:22:609:40:609:40:609:Infinity":2,"f:612:16:612:43":20,"s:613:2:613:Infinity":30,"f:613:26:613:34":21,"s:613:40:613:96":31,"b:613:40:613:74:613:74:613:96":3},"fnNames":{}}}
,"/Users/jiyeon/Downloads/local-produce-exchange-main/frontend/src/data/utils.ts": {"path":"/Users/jiyeon/Downloads/local-produce-exchange-main/frontend/src/data/utils.ts","statementMap":{"0":{"start":{"line":8,"column":16},"end":{"line":8,"column":null}},"1":{"start":{"line":9,"column":2},"end":{"line":9,"column":null}},"2":{"start":{"line":9,"column":25},"end":{"line":9,"column":null}},"3":{"start":{"line":10,"column":16},"end":{"line":10,"column":null}},"4":{"start":{"line":11,"column":22},"end":{"line":11,"column":null}},"5":{"start":{"line":12,"column":2},"end":{"line":12,"column":null}}},"fnMap":{"0":{"name":"displayName","decl":{"start":{"line":7,"column":16},"end":{"line":7,"column":28}},"loc":{"start":{"line":7,"column":54},"end":{"line":13,"column":null}},"line":7}},"branchMap":{"0":{"loc":{"start":{"line":9,"column":2},"end":{"line":9,"column":null}},"type":"if","locations":[{"start":{"line":9,"column":2},"end":{"line":9,"column":null}},{"start":{},"end":{}}],"line":9}},"s":{"0":258,"1":258,"2":2,"3":256,"4":256,"5":256},"f":{"0":258},"b":{"0":[2,256]},"meta":{"lastBranch":1,"lastFunction":1,"lastStatement":6,"seen":{"f:7:16:7:28":0,"s:8:16:8:Infinity":0,"b:9:2:9:Infinity:undefined:undefined:undefined:undefined":0,"s:9:2:9:Infinity":1,"s:9:25:9:Infinity":2,"s:10:16:10:Infinity":3,"s:11:22:11:Infinity":4,"s:12:2:12:Infinity":5},"fnNames":{}}}
,"/Users/jiyeon/Downloads/local-produce-exchange-main/frontend/src/lib/api.ts": {"path":"/Users/jiyeon/Downloads/local-produce-exchange-main/frontend/src/lib/api.ts","statementMap":{"0":{"start":{"line":1,"column":16},"end":{"line":1,"column":null}},"1":{"start":{"line":2,"column":18},"end":{"line":2,"column":null}},"2":{"start":{"line":5,"column":2},"end":{"line":5,"column":null}},"3":{"start":{"line":9,"column":2},"end":{"line":9,"column":null}},"4":{"start":{"line":13,"column":2},"end":{"line":13,"column":null}},"5":{"start":{"line":20,"column":4},"end":{"line":20,"column":null}},"6":{"start":{"line":21,"column":4},"end":{"line":21,"column":null}},"7":{"start":{"line":22,"column":4},"end":{"line":22,"column":null}},"8":{"start":{"line":27,"column":16},"end":{"line":27,"column":null}},"9":{"start":{"line":28,"column":18},"end":{"line":28,"column":null}},"10":{"start":{"line":29,"column":2},"end":{"line":29,"column":null}},"11":{"start":{"line":30,"column":2},"end":{"line":32,"column":null}},"12":{"start":{"line":31,"column":4},"end":{"line":31,"column":null}},"13":{"start":{"line":34,"column":19},"end":{"line":37,"column":null}},"14":{"start":{"line":39,"column":2},"end":{"line":41,"column":null}},"15":{"start":{"line":40,"column":4},"end":{"line":40,"column":null}},"16":{"start":{"line":43,"column":15},"end":{"line":43,"column":null}},"17":{"start":{"line":43,"column":49},"end":{"line":43,"column":53}},"18":{"start":{"line":45,"column":2},"end":{"line":49,"column":null}},"19":{"start":{"line":47,"column":7},"end":{"line":47,"column":null}},"20":{"start":{"line":48,"column":4},"end":{"line":48,"column":null}},"21":{"start":{"line":51,"column":2},"end":{"line":51,"column":null}},"22":{"start":{"line":83,"column":2},"end":{"line":86,"column":null}},"23":{"start":{"line":90,"column":2},"end":{"line":93,"column":null}},"24":{"start":{"line":97,"column":2},"end":{"line":97,"column":null}}},"fnMap":{"0":{"name":"getToken","decl":{"start":{"line":4,"column":16},"end":{"line":4,"column":42}},"loc":{"start":{"line":4,"column":42},"end":{"line":6,"column":null}},"line":4},"1":{"name":"setToken","decl":{"start":{"line":8,"column":16},"end":{"line":8,"column":25}},"loc":{"start":{"line":8,"column":46},"end":{"line":10,"column":null}},"line":8},"2":{"name":"clearToken","decl":{"start":{"line":12,"column":16},"end":{"line":12,"column":35}},"loc":{"start":{"line":12,"column":35},"end":{"line":14,"column":null}},"line":12},"3":{"name":"constructor","decl":{"start":{"line":19,"column":2},"end":{"line":19,"column":14}},"loc":{"start":{"line":19,"column":47},"end":{"line":23,"column":null}},"line":19},"4":{"name":"apiFetch","decl":{"start":{"line":26,"column":15},"end":{"line":26,"column":27}},"loc":{"start":{"line":26,"column":80},"end":{"line":52,"column":null}},"line":26},"5":{"name":"(anonymous_5)","decl":{"start":{"line":43,"column":37},"end":{"line":43,"column":49}},"loc":{"start":{"line":43,"column":49},"end":{"line":43,"column":53}},"line":43},"6":{"name":"registerUser","decl":{"start":{"line":82,"column":16},"end":{"line":82,"column":29}},"loc":{"start":{"line":82,"column":70},"end":{"line":87,"column":null}},"line":82},"7":{"name":"loginUser","decl":{"start":{"line":89,"column":16},"end":{"line":89,"column":26}},"loc":{"start":{"line":89,"column":73},"end":{"line":94,"column":null}},"line":89},"8":{"name":"getMe","decl":{"start":{"line":96,"column":16},"end":{"line":96,"column":39}},"loc":{"start":{"line":96,"column":39},"end":{"line":98,"column":null}},"line":96}},"branchMap":{"0":{"loc":{"start":{"line":26,"column":41},"end":{"line":26,"column":80}},"type":"default-arg","locations":[{"start":{"line":26,"column":64},"end":{"line":26,"column":80}}],"line":26},"1":{"loc":{"start":{"line":30,"column":2},"end":{"line":32,"column":null}},"type":"if","locations":[{"start":{"line":30,"column":2},"end":{"line":32,"column":null}},{"start":{},"end":{}}],"line":30},"2":{"loc":{"start":{"line":39,"column":2},"end":{"line":41,"column":null}},"type":"if","locations":[{"start":{"line":39,"column":2},"end":{"line":41,"column":null}},{"start":{},"end":{}}],"line":39},"3":{"loc":{"start":{"line":45,"column":2},"end":{"line":49,"column":null}},"type":"if","locations":[{"start":{"line":45,"column":2},"end":{"line":49,"column":null}},{"start":{},"end":{}}],"line":45},"4":{"loc":{"start":{"line":47,"column":7},"end":{"line":47,"column":null}},"type":"binary-expr","locations":[{"start":{"line":47,"column":7},"end":{"line":47,"column":16}},{"start":{"line":47,"column":16},"end":{"line":47,"column":43}},{"start":{"line":47,"column":43},"end":{"line":47,"column":null}}],"line":47}},"s":{"0":18,"1":18,"2":255,"3":10,"4":55,"5":5,"6":5,"7":5,"8":24,"9":24,"10":24,"11":24,"12":9,"13":24,"14":23,"15":0,"16":23,"17":0,"18":23,"19":5,"20":5,"21":18,"22":4,"23":10,"24":10},"f":{"0":255,"1":10,"2":55,"3":5,"4":24,"5":0,"6":4,"7":10,"8":10},"b":{"0":[24],"1":[9,15],"2":[0,23],"3":[5,18],"4":[5,5,0]},"meta":{"lastBranch":5,"lastFunction":9,"lastStatement":25,"seen":{"s:1:16:1:Infinity":0,"s:2:18:2:Infinity":1,"f:4:16:4:42":0,"s:5:2:5:Infinity":2,"f:8:16:8:25":1,"s:9:2:9:Infinity":3,"f:12:16:12:35":2,"s:13:2:13:Infinity":4,"f:19:2:19:14":3,"s:20:4:20:Infinity":5,"s:21:4:21:Infinity":6,"s:22:4:22:Infinity":7,"f:26:15:26:27":4,"b:26:64:26:80":0,"s:27:16:27:Infinity":8,"s:28:18:28:Infinity":9,"s:29:2:29:Infinity":10,"b:30:2:32:Infinity:undefined:undefined:undefined:undefined":1,"s:30:2:32:Infinity":11,"s:31:4:31:Infinity":12,"s:34:19:37:Infinity":13,"b:39:2:41:Infinity:undefined:undefined:undefined:undefined":2,"s:39:2:41:Infinity":14,"s:40:4:40:Infinity":15,"s:43:15:43:Infinity":16,"f:43:37:43:49":5,"s:43:49:43:53":17,"b:45:2:49:Infinity:undefined:undefined:undefined:undefined":3,"s:45:2:49:Infinity":18,"s:47:7:47:Infinity":19,"b:47:7:47:16:47:16:47:43:47:43:47:Infinity":4,"s:48:4:48:Infinity":20,"s:51:2:51:Infinity":21,"f:82:16:82:29":6,"s:83:2:86:Infinity":22,"f:89:16:89:26":7,"s:90:2:93:Infinity":23,"f:96:16:96:39":8,"s:97:2:97:Infinity":24},"fnNames":{}}}
,"/Users/jiyeon/Downloads/local-produce-exchange-main/frontend/src/pages/About.css": {"path":"/Users/jiyeon/Downloads/local-produce-exchange-main/frontend/src/pages/About.css","statementMap":{},"fnMap":{},"branchMap":{},"s":{},"f":{},"b":{},"meta":{"lastBranch":0,"lastFunction":0,"lastStatement":0,"seen":{},"fnNames":{}}}
,"/Users/jiyeon/Downloads/local-produce-exchange-main/frontend/src/pages/About.tsx": {"path":"/Users/jiyeon/Downloads/local-produce-exchange-main/frontend/src/pages/About.tsx","statementMap":{"0":{"start":{"line":7,"column":2},"end":{"line":240,"column":null}}},"fnMap":{"0":{"name":"About","decl":{"start":{"line":6,"column":24},"end":{"line":6,"column":32}},"loc":{"start":{"line":6,"column":32},"end":{"line":242,"column":null}},"line":6}},"branchMap":{},"s":{"0":6},"f":{"0":6},"b":{},"meta":{"lastBranch":0,"lastFunction":1,"lastStatement":1,"seen":{"f:6:24:6:32":0,"s:7:2:240:Infinity":0},"fnNames":{}}}
,"/Users/jiyeon/Downloads/local-produce-exchange-main/frontend/src/pages/AuthPages.css": {"path":"/Users/jiyeon/Downloads/local-produce-exchange-main/frontend/src/pages/AuthPages.css","statementMap":{},"fnMap":{},"branchMap":{},"s":{},"f":{},"b":{},"meta":{"lastBranch":0,"lastFunction":0,"lastStatement":0,"seen":{},"fnNames":{}}}
,"/Users/jiyeon/Downloads/local-produce-exchange-main/frontend/src/pages/BrowseListings.css": {"path":"/Users/jiyeon/Downloads/local-produce-exchange-main/frontend/src/pages/BrowseListings.css","statementMap":{},"fnMap":{},"branchMap":{},"s":{},"f":{},"b":{},"meta":{"lastBranch":0,"lastFunction":0,"lastStatement":0,"seen":{},"fnNames":{}}}
,"/Users/jiyeon/Downloads/local-produce-exchange-main/frontend/src/pages/BrowseListings.tsx": {"path":"/Users/jiyeon/Downloads/local-produce-exchange-main/frontend/src/pages/BrowseListings.tsx","statementMap":{"0":{"start":{"line":13,"column":19},"end":{"line":13,"column":null}},"1":{"start":{"line":18,"column":22},"end":{"line":18,"column":null}},"2":{"start":{"line":19,"column":25},"end":{"line":19,"column":null}},"3":{"start":{"line":20,"column":17},"end":{"line":20,"column":null}},"4":{"start":{"line":21,"column":19},"end":{"line":21,"column":null}},"5":{"start":{"line":24,"column":25},"end":{"line":26,"column":null}},"6":{"start":{"line":25,"column":11},"end":{"line":25,"column":null}},"7":{"start":{"line":29,"column":25},"end":{"line":36,"column":null}},"8":{"start":{"line":32,"column":10},"end":{"line":34,"column":null}},"9":{"start":{"line":39,"column":2},"end":{"line":41,"column":null}},"10":{"start":{"line":40,"column":4},"end":{"line":40,"column":null}},"11":{"start":{"line":40,"column":54},"end":{"line":40,"column":83}},"12":{"start":{"line":44,"column":2},"end":{"line":52,"column":null}},"13":{"start":{"line":45,"column":4},"end":{"line":47,"column":null}},"14":{"start":{"line":46,"column":6},"end":{"line":46,"column":null}},"15":{"start":{"line":48,"column":4},"end":{"line":50,"column":null}},"16":{"start":{"line":49,"column":6},"end":{"line":49,"column":null}},"17":{"start":{"line":51,"column":4},"end":{"line":51,"column":null}},"18":{"start":{"line":55,"column":26},"end":{"line":55,"column":null}},"19":{"start":{"line":55,"column":56},"end":{"line":55,"column":92}},"20":{"start":{"line":56,"column":30},"end":{"line":61,"column":null}},"21":{"start":{"line":57,"column":25},"end":{"line":60,"column":6}},"22":{"start":{"line":59,"column":47},"end":{"line":59,"column":88}},"23":{"start":{"line":61,"column":23},"end":{"line":61,"column":48}},"24":{"start":{"line":64,"column":4},"end":{"line":64,"column":null}},"25":{"start":{"line":67,"column":21},"end":{"line":67,"column":null}},"26":{"start":{"line":68,"column":25},"end":{"line":68,"column":null}},"27":{"start":{"line":68,"column":61},"end":{"line":68,"column":75}},"28":{"start":{"line":70,"column":2},"end":{"line":170,"column":null}},"29":{"start":{"line":93,"column":10},"end":{"line":99,"column":null}},"30":{"start":{"line":96,"column":27},"end":{"line":96,"column":null}},"31":{"start":{"line":112,"column":29},"end":{"line":112,"column":null}},"32":{"start":{"line":121,"column":29},"end":{"line":121,"column":null}},"33":{"start":{"line":128,"column":29},"end":{"line":128,"column":null}},"34":{"start":{"line":154,"column":14},"end":{"line":165,"column":null}},"35":{"start":{"line":162,"column":20},"end":{"line":162,"column":null}},"36":{"start":{"line":175,"column":8},"end":{"line":175,"column":null}},"37":{"start":{"line":176,"column":19},"end":{"line":176,"column":null}},"38":{"start":{"line":178,"column":2},"end":{"line":201,"column":null}},"39":{"start":{"line":179,"column":4},"end":{"line":199,"column":null}},"40":{"start":{"line":203,"column":2},"end":{"line":225,"column":null}}},"fnMap":{"0":{"name":"BrowseListings","decl":{"start":{"line":17,"column":24},"end":{"line":17,"column":41}},"loc":{"start":{"line":17,"column":41},"end":{"line":172,"column":null}},"line":17},"1":{"name":"(anonymous_1)","decl":{"start":{"line":24,"column":38},"end":{"line":24,"column":null}},"loc":{"start":{"line":25,"column":11},"end":{"line":25,"column":null}},"line":25},"2":{"name":"(anonymous_2)","decl":{"start":{"line":30,"column":21},"end":{"line":30,"column":null}},"loc":{"start":{"line":32,"column":10},"end":{"line":34,"column":null}},"line":32},"3":{"name":"(anonymous_3)","decl":{"start":{"line":40,"column":40},"end":{"line":40,"column":48}},"loc":{"start":{"line":40,"column":54},"end":{"line":40,"column":83}},"line":40},"4":{"name":"(anonymous_4)","decl":{"start":{"line":44,"column":43},"end":{"line":44,"column":49}},"loc":{"start":{"line":44,"column":58},"end":{"line":52,"column":3}},"line":44},"5":{"name":"(anonymous_5)","decl":{"start":{"line":55,"column":42},"end":{"line":55,"column":50}},"loc":{"start":{"line":55,"column":56},"end":{"line":55,"column":92}},"line":55},"6":{"name":"(anonymous_6)","decl":{"start":{"line":57,"column":5},"end":{"line":57,"column":10}},"loc":{"start":{"line":57,"column":25},"end":{"line":60,"column":6}},"line":57},"7":{"name":"(anonymous_7)","decl":{"start":{"line":59,"column":33},"end":{"line":59,"column":41}},"loc":{"start":{"line":59,"column":47},"end":{"line":59,"column":88}},"line":59},"8":{"name":"(anonymous_8)","decl":{"start":{"line":61,"column":5},"end":{"line":61,"column":13}},"loc":{"start":{"line":61,"column":23},"end":{"line":61,"column":48}},"line":61},"9":{"name":"handleSearch","decl":{"start":{"line":63,"column":11},"end":{"line":63,"column":24}},"loc":{"start":{"line":63,"column":39},"end":{"line":65,"column":null}},"line":63},"10":{"name":"(anonymous_10)","decl":{"start":{"line":68,"column":50},"end":{"line":68,"column":55}},"loc":{"start":{"line":68,"column":61},"end":{"line":68,"column":75}},"line":68},"11":{"name":"(anonymous_11)","decl":{"start":{"line":92,"column":20},"end":{"line":92,"column":25}},"loc":{"start":{"line":93,"column":10},"end":{"line":99,"column":null}},"line":93},"12":{"name":"(anonymous_12)","decl":{"start":{"line":96,"column":12},"end":{"line":96,"column":27}},"loc":{"start":{"line":96,"column":27},"end":{"line":96,"column":null}},"line":96},"13":{"name":"(anonymous_13)","decl":{"start":{"line":112,"column":12},"end":{"line":112,"column":23}},"loc":{"start":{"line":112,"column":29},"end":{"line":112,"column":null}},"line":112},"14":{"name":"(anonymous_14)","decl":{"start":{"line":121,"column":14},"end":{"line":121,"column":29}},"loc":{"start":{"line":121,"column":29},"end":{"line":121,"column":null}},"line":121},"15":{"name":"(anonymous_15)","decl":{"start":{"line":128,"column":14},"end":{"line":128,"column":29}},"loc":{"start":{"line":128,"column":29},"end":{"line":128,"column":null}},"line":128},"16":{"name":"(anonymous_16)","decl":{"start":{"line":153,"column":33},"end":{"line":153,"column":38}},"loc":{"start":{"line":154,"column":14},"end":{"line":165,"column":null}},"line":154},"17":{"name":"(anonymous_17)","decl":{"start":{"line":161,"column":28},"end":{"line":161,"column":33}},"loc":{"start":{"line":162,"column":20},"end":{"line":162,"column":null}},"line":162},"18":{"name":"ListingCard","decl":{"start":{"line":174,"column":9},"end":{"line":174,"column":21}},"loc":{"start":{"line":174,"column":86},"end":{"line":227,"column":null}},"line":174}},"branchMap":{"0":{"loc":{"start":{"line":25,"column":11},"end":{"line":25,"column":null}},"type":"binary-expr","locations":[{"start":{"line":25,"column":11},"end":{"line":25,"column":36}},{"start":{"line":25,"column":36},"end":{"line":25,"column":null}}],"line":25},"1":{"loc":{"start":{"line":29,"column":25},"end":{"line":36,"column":null}},"type":"cond-expr","locations":[{"start":{"line":30,"column":6},"end":{"line":35,"column":null}},{"start":{"line":36,"column":6},"end":{"line":36,"column":null}}],"line":29},"2":{"loc":{"start":{"line":32,"column":10},"end":{"line":34,"column":null}},"type":"binary-expr","locations":[{"start":{"line":32,"column":10},"end":{"line":32,"column":null}},{"start":{"line":33,"column":10},"end":{"line":33,"column":null}},{"start":{"line":34,"column":10},"end":{"line":34,"column":null}}],"line":32},"3":{"loc":{"start":{"line":39,"column":2},"end":{"line":41,"column":null}},"type":"if","locations":[{"start":{"line":39,"column":2},"end":{"line":41,"column":null}},{"start":{},"end":{}}],"line":39},"4":{"loc":{"start":{"line":45,"column":4},"end":{"line":47,"column":null}},"type":"if","locations":[{"start":{"line":45,"column":4},"end":{"line":47,"column":null}},{"start":{},"end":{}}],"line":45},"5":{"loc":{"start":{"line":48,"column":4},"end":{"line":50,"column":null}},"type":"if","locations":[{"start":{"line":48,"column":4},"end":{"line":50,"column":null}},{"start":{},"end":{}}],"line":48},"6":{"loc":{"start":{"line":55,"column":56},"end":{"line":55,"column":92}},"type":"binary-expr","locations":[{"start":{"line":55,"column":56},"end":{"line":55,"column":73}},{"start":{"line":55,"column":73},"end":{"line":55,"column":92}}],"line":55},"7":{"loc":{"start":{"line":95,"column":48},"end":{"line":95,"column":null}},"type":"cond-expr","locations":[{"start":{"line":95,"column":73},"end":{"line":95,"column":107}},{"start":{"line":95,"column":107},"end":{"line":95,"column":null}}],"line":95},"8":{"loc":{"start":{"line":106,"column":39},"end":{"line":106,"column":67}},"type":"cond-expr","locations":[{"start":{"line":106,"column":58},"end":{"line":106,"column":64}},{"start":{"line":106,"column":64},"end":{"line":106,"column":67}}],"line":106},"9":{"loc":{"start":{"line":106,"column":101},"end":{"line":106,"column":null}},"type":"cond-expr","locations":[{"start":{"line":106,"column":124},"end":{"line":106,"column":132}},{"start":{"line":106,"column":132},"end":{"line":106,"column":null}}],"line":106},"10":{"loc":{"start":{"line":120,"column":45},"end":{"line":120,"column":null}},"type":"cond-expr","locations":[{"start":{"line":120,"column":67},"end":{"line":120,"column":96}},{"start":{"line":120,"column":96},"end":{"line":120,"column":null}}],"line":120},"11":{"loc":{"start":{"line":127,"column":45},"end":{"line":127,"column":null}},"type":"cond-expr","locations":[{"start":{"line":127,"column":67},"end":{"line":127,"column":96}},{"start":{"line":127,"column":96},"end":{"line":127,"column":null}}],"line":127},"12":{"loc":{"start":{"line":138,"column":7},"end":{"line":168,"column":null}},"type":"cond-expr","locations":[{"start":{"line":139,"column":8},"end":{"line":150,"column":null}},{"start":{"line":150,"column":8},"end":{"line":168,"column":null}}],"line":138},"13":{"loc":{"start":{"line":157,"column":39},"end":{"line":157,"column":85}},"type":"cond-expr","locations":[{"start":{"line":157,"column":62},"end":{"line":157,"column":74}},{"start":{"line":157,"column":74},"end":{"line":157,"column":85}}],"line":157},"14":{"loc":{"start":{"line":158,"column":86},"end":{"line":158,"column":125}},"type":"cond-expr","locations":[{"start":{"line":158,"column":110},"end":{"line":158,"column":116}},{"start":{"line":158,"column":116},"end":{"line":158,"column":125}}],"line":158},"15":{"loc":{"start":{"line":160,"column":32},"end":{"line":160,"column":null}},"type":"cond-expr","locations":[{"start":{"line":160,"column":54},"end":{"line":160,"column":71}},{"start":{"line":160,"column":71},"end":{"line":160,"column":null}}],"line":160},"16":{"loc":{"start":{"line":178,"column":2},"end":{"line":201,"column":null}},"type":"if","locations":[{"start":{"line":178,"column":2},"end":{"line":201,"column":null}},{"start":{},"end":{}}],"line":178},"17":{"loc":{"start":{"line":190,"column":11},"end":{"line":190,"column":null}},"type":"binary-expr","locations":[{"start":{"line":190,"column":11},"end":{"line":190,"column":24}},{"start":{"line":190,"column":24},"end":{"line":190,"column":null}}],"line":190},"18":{"loc":{"start":{"line":193,"column":11},"end":{"line":196,"column":null}},"type":"cond-expr","locations":[{"start":{"line":194,"column":12},"end":{"line":196,"column":13}},{"start":{"line":196,"column":12},"end":{"line":196,"column":null}}],"line":193},"19":{"loc":{"start":{"line":193,"column":11},"end":{"line":193,"column":null}},"type":"binary-expr","locations":[{"start":{"line":193,"column":11},"end":{"line":193,"column":28}},{"start":{"line":193,"column":28},"end":{"line":193,"column":null}}],"line":193},"20":{"loc":{"start":{"line":215,"column":11},"end":{"line":215,"column":null}},"type":"cond-expr","locations":[{"start":{"line":215,"column":44},"end":{"line":215,"column":106}},{"start":{"line":215,"column":106},"end":{"line":215,"column":null}}],"line":215},"21":{"loc":{"start":{"line":215,"column":11},"end":{"line":215,"column":44}},"type":"binary-expr","locations":[{"start":{"line":215,"column":11},"end":{"line":215,"column":28}},{"start":{"line":215,"column":28},"end":{"line":215,"column":44}}],"line":215},"22":{"loc":{"start":{"line":215,"column":76},"end":{"line":215,"column":106}},"type":"cond-expr","locations":[{"start":{"line":215,"column":93},"end":{"line":215,"column":99}},{"start":{"line":215,"column":99},"end":{"line":215,"column":106}}],"line":215},"23":{"loc":{"start":{"line":218,"column":9},"end":{"line":218,"column":null}},"type":"binary-expr","locations":[{"start":{"line":218,"column":9},"end":{"line":218,"column":22}},{"start":{"line":218,"column":22},"end":{"line":218,"column":null}}],"line":218}},"s":{"0":1,"1":46,"2":46,"3":46,"4":46,"5":46,"6":598,"7":46,"8":0,"9":46,"10":4,"11":48,"12":46,"13":1280,"14":31,"15":1249,"16":30,"17":1219,"18":46,"19":276,"20":46,"21":276,"22":3108,"23":276,"24":0,"25":46,"26":46,"27":518,"28":46,"29":276,"30":4,"31":2,"32":1,"33":4,"34":263,"35":518,"36":518,"37":518,"38":518,"39":48,"40":470},"f":{"0":46,"1":598,"2":0,"3":48,"4":1280,"5":276,"6":276,"7":3108,"8":276,"9":0,"10":518,"11":276,"12":4,"13":2,"14":1,"15":4,"16":263,"17":518,"18":518},"b":{"0":[598,598],"1":[0,46],"2":[0,0,0],"3":[4,42],"4":[31,1249],"5":[30,1219],"6":[276,46],"7":[46,230],"8":[46,0],"9":[46,0],"10":[42,4],"11":[4,42],"12":[0,46],"13":[42,221],"14":[213,50],"15":[239,24],"16":[48,470],"17":[48,48],"18":[0,48],"19":[48,40],"20":[0,470],"21":[470,394],"22":[0,0],"23":[518,470]},"meta":{"lastBranch":24,"lastFunction":19,"lastStatement":41,"seen":{"s:13:19:13:Infinity":0,"f:17:24:17:41":0,"s:18:22:18:Infinity":1,"s:19:25:19:Infinity":2,"s:20:17:20:Infinity":3,"s:21:19:21:Infinity":4,"s:24:25:26:Infinity":5,"f:24:38:24:Infinity":1,"s:25:11:25:Infinity":6,"b:25:11:25:36:25:36:25:Infinity":0,"s:29:25:36:Infinity":7,"b:30:6:35:Infinity:36:6:36:Infinity":1,"f:30:21:30:Infinity":2,"s:32:10:34:Infinity":8,"b:32:10:32:Infinity:33:10:33:Infinity:34:10:34:Infinity":2,"b:39:2:41:Infinity:undefined:undefined:undefined:undefined":3,"s:39:2:41:Infinity":9,"s:40:4:40:Infinity":10,"f:40:40:40:48":3,"s:40:54:40:83":11,"s:44:2:52:Infinity":12,"f:44:43:44:49":4,"b:45:4:47:Infinity:undefined:undefined:undefined:undefined":4,"s:45:4:47:Infinity":13,"s:46:6:46:Infinity":14,"b:48:4:50:Infinity:undefined:undefined:undefined:undefined":5,"s:48:4:50:Infinity":15,"s:49:6:49:Infinity":16,"s:51:4:51:Infinity":17,"s:55:26:55:Infinity":18,"f:55:42:55:50":5,"s:55:56:55:92":19,"b:55:56:55:73:55:73:55:92":6,"s:56:30:61:Infinity":20,"f:57:5:57:10":6,"s:57:25:60:6":21,"f:59:33:59:41":7,"s:59:47:59:88":22,"f:61:5:61:13":8,"s:61:23:61:48":23,"f:63:11:63:24":9,"s:64:4:64:Infinity":24,"s:67:21:67:Infinity":25,"s:68:25:68:Infinity":26,"f:68:50:68:55":10,"s:68:61:68:75":27,"s:70:2:170:Infinity":28,"f:92:20:92:25":11,"s:93:10:99:Infinity":29,"b:95:73:95:107:95:107:95:Infinity":7,"f:96:12:96:27":12,"s:96:27:96:Infinity":30,"b:106:58:106:64:106:64:106:67":8,"b:106:124:106:132:106:132:106:Infinity":9,"f:112:12:112:23":13,"s:112:29:112:Infinity":31,"b:120:67:120:96:120:96:120:Infinity":10,"f:121:14:121:29":14,"s:121:29:121:Infinity":32,"b:127:67:127:96:127:96:127:Infinity":11,"f:128:14:128:29":15,"s:128:29:128:Infinity":33,"b:139:8:150:Infinity:150:8:168:Infinity":12,"f:153:33:153:38":16,"s:154:14:165:Infinity":34,"b:157:62:157:74:157:74:157:85":13,"b:158:110:158:116:158:116:158:125":14,"b:160:54:160:71:160:71:160:Infinity":15,"f:161:28:161:33":17,"s:162:20:162:Infinity":35,"f:174:9:174:21":18,"s:175:8:175:Infinity":36,"s:176:19:176:Infinity":37,"b:178:2:201:Infinity:undefined:undefined:undefined:undefined":16,"s:178:2:201:Infinity":38,"s:179:4:199:Infinity":39,"b:190:11:190:24:190:24:190:Infinity":17,"b:194:12:196:13:196:12:196:Infinity":18,"b:193:11:193:28:193:28:193:Infinity":19,"s:203:2:225:Infinity":40,"b:215:44:215:106:215:106:215:Infinity":20,"b:215:11:215:28:215:28:215:44":21,"b:215:93:215:99:215:99:215:106":22,"b:218:9:218:22:218:22:218:Infinity":23},"fnNames":{}}}
,"/Users/jiyeon/Downloads/local-produce-exchange-main/frontend/src/pages/Communities.css": {"path":"/Users/jiyeon/Downloads/local-produce-exchange-main/frontend/src/pages/Communities.css","statementMap":{},"fnMap":{},"branchMap":{},"s":{},"f":{},"b":{},"meta":{"lastBranch":0,"lastFunction":0,"lastStatement":0,"seen":{},"fnNames":{}}}
,"/Users/jiyeon/Downloads/local-produce-exchange-main/frontend/src/pages/Communities.tsx": {"path":"/Users/jiyeon/Downloads/local-produce-exchange-main/frontend/src/pages/Communities.tsx","statementMap":{"0":{"start":{"line":13,"column":27},"end":{"line":13,"column":null}},"1":{"start":{"line":16,"column":22},"end":{"line":16,"column":null}},"2":{"start":{"line":19,"column":28},"end":{"line":19,"column":null}},"3":{"start":{"line":19,"column":58},"end":{"line":19,"column":71}},"4":{"start":{"line":21,"column":30},"end":{"line":27,"column":null}},"5":{"start":{"line":24,"column":10},"end":{"line":25,"column":null}},"6":{"start":{"line":30,"column":28},"end":{"line":30,"column":null}},"7":{"start":{"line":30,"column":62},"end":{"line":30,"column":105}},"8":{"start":{"line":31,"column":31},"end":{"line":31,"column":null}},"9":{"start":{"line":31,"column":65},"end":{"line":31,"column":109}},"10":{"start":{"line":34,"column":4},"end":{"line":34,"column":null}},"11":{"start":{"line":37,"column":2},"end":{"line":94,"column":null}},"12":{"start":{"line":75,"column":18},"end":{"line":75,"column":null}},"13":{"start":{"line":87,"column":18},"end":{"line":87,"column":null}},"14":{"start":{"line":99,"column":8},"end":{"line":99,"column":null}},"15":{"start":{"line":100,"column":24},"end":{"line":100,"column":null}},"16":{"start":{"line":100,"column":49},"end":{"line":100,"column":77}},"17":{"start":{"line":102,"column":2},"end":{"line":146,"column":null}},"18":{"start":{"line":120,"column":14},"end":{"line":125,"column":null}}},"fnMap":{"0":{"name":"Communities","decl":{"start":{"line":15,"column":24},"end":{"line":15,"column":38}},"loc":{"start":{"line":15,"column":38},"end":{"line":96,"column":null}},"line":15},"1":{"name":"(anonymous_1)","decl":{"start":{"line":19,"column":44},"end":{"line":19,"column":52}},"loc":{"start":{"line":19,"column":58},"end":{"line":19,"column":71}},"line":19},"2":{"name":"(anonymous_2)","decl":{"start":{"line":22,"column":24},"end":{"line":22,"column":null}},"loc":{"start":{"line":24,"column":10},"end":{"line":25,"column":null}},"line":24},"3":{"name":"(anonymous_3)","decl":{"start":{"line":30,"column":48},"end":{"line":30,"column":56}},"loc":{"start":{"line":30,"column":62},"end":{"line":30,"column":105}},"line":30},"4":{"name":"(anonymous_4)","decl":{"start":{"line":31,"column":51},"end":{"line":31,"column":59}},"loc":{"start":{"line":31,"column":65},"end":{"line":31,"column":109}},"line":31},"5":{"name":"handleSearch","decl":{"start":{"line":33,"column":11},"end":{"line":33,"column":24}},"loc":{"start":{"line":33,"column":39},"end":{"line":35,"column":null}},"line":33},"6":{"name":"(anonymous_6)","decl":{"start":{"line":74,"column":35},"end":{"line":74,"column":40}},"loc":{"start":{"line":75,"column":18},"end":{"line":75,"column":null}},"line":75},"7":{"name":"(anonymous_7)","decl":{"start":{"line":86,"column":38},"end":{"line":86,"column":43}},"loc":{"start":{"line":87,"column":18},"end":{"line":87,"column":null}},"line":87},"8":{"name":"CommunityCard","decl":{"start":{"line":98,"column":9},"end":{"line":98,"column":23}},"loc":{"start":{"line":98,"column":115},"end":{"line":148,"column":null}},"line":98},"9":{"name":"(anonymous_9)","decl":{"start":{"line":100,"column":44},"end":{"line":100,"column":49}},"loc":{"start":{"line":100,"column":49},"end":{"line":100,"column":77}},"line":100},"10":{"name":"(anonymous_10)","decl":{"start":{"line":119,"column":27},"end":{"line":119,"column":32}},"loc":{"start":{"line":120,"column":14},"end":{"line":125,"column":null}},"line":120}},"branchMap":{"0":{"loc":{"start":{"line":21,"column":30},"end":{"line":27,"column":null}},"type":"cond-expr","locations":[{"start":{"line":22,"column":6},"end":{"line":26,"column":null}},{"start":{"line":27,"column":6},"end":{"line":27,"column":null}}],"line":21},"1":{"loc":{"start":{"line":24,"column":10},"end":{"line":25,"column":null}},"type":"binary-expr","locations":[{"start":{"line":24,"column":10},"end":{"line":24,"column":null}},{"start":{"line":25,"column":11},"end":{"line":25,"column":28}},{"start":{"line":25,"column":28},"end":{"line":25,"column":null}}],"line":24},"2":{"loc":{"start":{"line":56,"column":7},"end":{"line":92,"column":null}},"type":"cond-expr","locations":[{"start":{"line":57,"column":8},"end":{"line":68,"column":null}},{"start":{"line":68,"column":8},"end":{"line":92,"column":null}}],"line":56},"3":{"loc":{"start":{"line":70,"column":11},"end":{"line":82,"column":32}},"type":"binary-expr","locations":[{"start":{"line":70,"column":11},"end":{"line":70,"column":null}},{"start":{"line":71,"column":12},"end":{"line":82,"column":32}}],"line":70},"4":{"loc":{"start":{"line":82,"column":11},"end":{"line":92,"column":null}},"type":"binary-expr","locations":[{"start":{"line":82,"column":11},"end":{"line":82,"column":null}},{"start":{"line":83,"column":12},"end":{"line":92,"column":null}}],"line":82},"5":{"loc":{"start":{"line":104,"column":7},"end":{"line":107,"column":null}},"type":"binary-expr","locations":[{"start":{"line":104,"column":7},"end":{"line":104,"column":null}},{"start":{"line":105,"column":8},"end":{"line":107,"column":null}}],"line":104},"6":{"loc":{"start":{"line":112,"column":31},"end":{"line":112,"column":77}},"type":"cond-expr","locations":[{"start":{"line":112,"column":54},"end":{"line":112,"column":66}},{"start":{"line":112,"column":66},"end":{"line":112,"column":77}}],"line":112},"7":{"loc":{"start":{"line":114,"column":9},"end":{"line":115,"column":null}},"type":"binary-expr","locations":[{"start":{"line":114,"column":9},"end":{"line":114,"column":null}},{"start":{"line":115,"column":10},"end":{"line":115,"column":null}}],"line":114},"8":{"loc":{"start":{"line":120,"column":14},"end":{"line":125,"column":null}},"type":"cond-expr","locations":[{"start":{"line":121,"column":16},"end":{"line":121,"column":null}},{"start":{"line":123,"column":16},"end":{"line":125,"column":null}}],"line":120},"9":{"loc":{"start":{"line":135,"column":9},"end":{"line":145,"column":null}},"type":"cond-expr","locations":[{"start":{"line":136,"column":10},"end":{"line":143,"column":11}},{"start":{"line":143,"column":10},"end":{"line":145,"column":null}}],"line":135}},"s":{"0":1,"1":13,"2":13,"3":78,"4":13,"5":0,"6":13,"7":65,"8":13,"9":65,"10":0,"11":13,"12":39,"13":26,"14":65,"15":65,"16":156,"17":65,"18":156},"f":{"0":13,"1":78,"2":0,"3":65,"4":65,"5":0,"6":39,"7":26,"8":65,"9":156,"10":156},"b":{"0":[0,13],"1":[0,0,0],"2":[0,13],"3":[13,13],"4":[13,13],"5":[65,65],"6":[0,65],"7":[65,65],"8":[156,0],"9":[39,26]},"meta":{"lastBranch":10,"lastFunction":11,"lastStatement":19,"seen":{"s:13:27:13:Infinity":0,"f:15:24:15:38":0,"s:16:22:16:Infinity":1,"s:19:28:19:Infinity":2,"f:19:44:19:52":1,"s:19:58:19:71":3,"s:21:30:27:Infinity":4,"b:22:6:26:Infinity:27:6:27:Infinity":0,"f:22:24:22:Infinity":2,"s:24:10:25:Infinity":5,"b:24:10:24:Infinity:25:11:25:28:25:28:25:Infinity":1,"s:30:28:30:Infinity":6,"f:30:48:30:56":3,"s:30:62:30:105":7,"s:31:31:31:Infinity":8,"f:31:51:31:59":4,"s:31:65:31:109":9,"f:33:11:33:24":5,"s:34:4:34:Infinity":10,"s:37:2:94:Infinity":11,"b:57:8:68:Infinity:68:8:92:Infinity":2,"b:70:11:70:Infinity:71:12:82:32":3,"f:74:35:74:40":6,"s:75:18:75:Infinity":12,"b:82:11:82:Infinity:83:12:92:Infinity":4,"f:86:38:86:43":7,"s:87:18:87:Infinity":13,"f:98:9:98:23":8,"s:99:8:99:Infinity":14,"s:100:24:100:Infinity":15,"f:100:44:100:49":9,"s:100:49:100:77":16,"s:102:2:146:Infinity":17,"b:104:7:104:Infinity:105:8:107:Infinity":5,"b:112:54:112:66:112:66:112:77":6,"b:114:9:114:Infinity:115:10:115:Infinity":7,"f:119:27:119:32":10,"s:120:14:125:Infinity":18,"b:121:16:121:Infinity:123:16:125:Infinity":8,"b:136:10:143:11:143:10:145:Infinity":9},"fnNames":{}}}
,"/Users/jiyeon/Downloads/local-produce-exchange-main/frontend/src/pages/CommunityAdmin.css": {"path":"/Users/jiyeon/Downloads/local-produce-exchange-main/frontend/src/pages/CommunityAdmin.css","statementMap":{},"fnMap":{},"branchMap":{},"s":{},"f":{},"b":{},"meta":{"lastBranch":0,"lastFunction":0,"lastStatement":0,"seen":{},"fnNames":{}}}
,"/Users/jiyeon/Downloads/local-produce-exchange-main/frontend/src/pages/CommunityAdmin.tsx": {"path":"/Users/jiyeon/Downloads/local-produce-exchange-main/frontend/src/pages/CommunityAdmin.tsx","statementMap":{"0":{"start":{"line":21,"column":24},"end":{"line":21,"column":null}},"1":{"start":{"line":26,"column":10},"end":{"line":26,"column":null}},"2":{"start":{"line":27,"column":8},"end":{"line":27,"column":null}},"3":{"start":{"line":28,"column":20},"end":{"line":28,"column":null}},"4":{"start":{"line":30,"column":2},"end":{"line":40,"column":null}},"5":{"start":{"line":31,"column":4},"end":{"line":38,"column":null}},"6":{"start":{"line":42,"column":8},"end":{"line":42,"column":null}},"7":{"start":{"line":43,"column":2},"end":{"line":54,"column":null}},"8":{"start":{"line":44,"column":4},"end":{"line":52,"column":null}},"9":{"start":{"line":56,"column":2},"end":{"line":85,"column":null}},"10":{"start":{"line":71,"column":10},"end":{"line":77,"column":null}},"11":{"start":{"line":74,"column":27},"end":{"line":74,"column":null}},"12":{"start":{"line":90,"column":18},"end":{"line":90,"column":null}},"13":{"start":{"line":91,"column":20},"end":{"line":91,"column":null}},"14":{"start":{"line":92,"column":21},"end":{"line":92,"column":null}},"15":{"start":{"line":95,"column":4},"end":{"line":97,"column":null}},"16":{"start":{"line":96,"column":6},"end":{"line":96,"column":null}},"17":{"start":{"line":96,"column":23},"end":{"line":96,"column":74}},"18":{"start":{"line":98,"column":4},"end":{"line":98,"column":null}},"19":{"start":{"line":99,"column":4},"end":{"line":99,"column":null}},"20":{"start":{"line":99,"column":21},"end":{"line":99,"column":40}},"21":{"start":{"line":103,"column":4},"end":{"line":103,"column":null}},"22":{"start":{"line":103,"column":25},"end":{"line":103,"column":65}},"23":{"start":{"line":103,"column":44},"end":{"line":103,"column":64}},"24":{"start":{"line":104,"column":4},"end":{"line":104,"column":null}},"25":{"start":{"line":105,"column":4},"end":{"line":105,"column":null}},"26":{"start":{"line":106,"column":4},"end":{"line":106,"column":null}},"27":{"start":{"line":106,"column":21},"end":{"line":106,"column":40}},"28":{"start":{"line":109,"column":19},"end":{"line":109,"column":null}},"29":{"start":{"line":111,"column":2},"end":{"line":165,"column":null}},"30":{"start":{"line":116,"column":16},"end":{"line":116,"column":null}},"31"
[...]
nd":{"line":25,"column":null}},"12":{"start":{"line":25,"column":18},"end":{"line":25,"column":null}},"13":{"start":{"line":26,"column":2},"end":{"line":26,"column":null}},"14":{"start":{"line":26,"column":18},"end":{"line":26,"column":null}},"15":{"start":{"line":27,"column":2},"end":{"line":27,"column":null}},"16":{"start":{"line":27,"column":18},"end":{"line":27,"column":null}},"17":{"start":{"line":28,"column":2},"end":{"line":28,"column":null}},"18":{"start":{"line":32,"column":10},"end":{"line":32,"column":null}},"19":{"start":{"line":33,"column":19},"end":{"line":39,"column":null}},"20":{"start":{"line":40,"column":17},"end":{"line":40,"column":null}},"21":{"start":{"line":41,"column":20},"end":{"line":41,"column":null}},"22":{"start":{"line":42,"column":21},"end":{"line":42,"column":null}},"23":{"start":{"line":43,"column":22},"end":{"line":43,"column":null}},"24":{"start":{"line":44,"column":23},"end":{"line":44,"column":null}},"25":{"start":{"line":45,"column":22},"end":{"line":45,"column":null}},"26":{"start":{"line":47,"column":27},"end":{"line":47,"column":null}},"27":{"start":{"line":50,"column":28},"end":{"line":50,"column":null}},"28":{"start":{"line":51,"column":4},"end":{"line":51,"column":null}},"29":{"start":{"line":51,"column":27},"end":{"line":51,"column":54}},"30":{"start":{"line":52,"column":4},"end":{"line":52,"column":null}},"31":{"start":{"line":52,"column":22},"end":{"line":52,"column":null}},"32":{"start":{"line":52,"column":43},"end":{"line":52,"column":67}},"33":{"start":{"line":56,"column":46},"end":{"line":56,"column":null}},"34":{"start":{"line":57,"column":4},"end":{"line":61,"column":null}},"35":{"start":{"line":58,"column":6},"end":{"line":58,"column":null}},"36":{"start":{"line":59,"column":11},"end":{"line":61,"column":null}},"37":{"start":{"line":60,"column":6},"end":{"line":60,"column":null}},"38":{"start":{"line":62,"column":4},"end":{"line":62,"column":null}},"39":{"start":{"line":62,"column":31},"end":{"line":62,"column":null}},"40":{"start":{"line":63,"column":4},"end":{"line":67,"column":null}},"41":{"start":{"line":64,"column":6},"end":{"line":64,"column":null}},"42":{"start":{"line":65,"column":11},"end":{"line":67,"column":null}},"43":{"start":{"line":66,"column":6},"end":{"line":66,"column":null}},"44":{"start":{"line":68,"column":4},"end":{"line":72,"column":null}},"45":{"start":{"line":69,"column":6},"end":{"line":69,"column":null}},"46":{"start":{"line":70,"column":11},"end":{"line":72,"column":null}},"47":{"start":{"line":71,"column":6},"end":{"line":71,"column":null}},"48":{"start":{"line":73,"column":4},"end":{"line":77,"column":null}},"49":{"start":{"line":74,"column":6},"end":{"line":74,"column":null}},"50":{"start":{"line":75,"column":11},"end":{"line":77,"column":null}},"51":{"start":{"line":76,"column":6},"end":{"line":76,"column":null}},"52":{"start":{"line":78,"column":4},"end":{"line":78,"column":null}},"53":{"start":{"line":82,"column":4},"end":{"line":82,"column":null}},"54":{"start":{"line":83,"column":22},"end":{"line":83,"column":null}},"55":{"start":{"line":84,"column":4},"end":{"line":87,"column":null}},"56":{"start":{"line":85,"column":6},"end":{"line":85,"column":null}},"57":{"start":{"line":86,"column":6},"end":{"line":86,"column":null}},"58":{"start":{"line":89,"column":4},"end":{"line":89,"column":null}},"59":{"start":{"line":90,"column":4},"end":{"line":90,"column":null}},"60":{"start":{"line":92,"column":4},"end":{"line":105,"column":null}},"61":{"start":{"line":93,"column":6},"end":{"line":93,"column":null}},"62":{"start":{"line":94,"column":6},"end":{"line":94,"column":null}},"63":{"start":{"line":96,"column":6},"end":{"line":102,"column":null}},"64":{"start":{"line":97,"column":8},"end":{"line":97,"column":null}},"65":{"start":{"line":98,"column":13},"end":{"line":102,"column":null}},"66":{"start":{"line":99,"column":8},"end":{"line":99,"column":null}},"67":{"start":{"line":101,"column":8},"end":{"line":101,"column":null}},"68":{"start":{"line":104,"column":6},"end":{"line":104,"column":null}},"69":{"start":{"line":108,"column":2},"end":{"line":126,"column":null}},"70":{"start":{"line":109,"column":4},"end":{"line":124,"column":null}},"71":{"start":{"line":128,"column":2},"end":{"line":255,"column":null}},"72":{"start":{"line":193,"column":35},"end":{"line":193,"column":null}},"73":{"start":{"line":228,"column":35},"end":{"line":228,"column":null}}},"fnMap":{"0":{"name":"getPasswordStrength","decl":{"start":{"line":17,"column":9},"end":{"line":17,"column":29}},"loc":{"start":{"line":17,"column":81},"end":{"line":29,"column":null}},"line":17},"1":{"name":"SignUp","decl":{"start":{"line":31,"column":24},"end":{"line":31,"column":33}},"loc":{"start":{"line":31,"column":33},"end":{"line":257,"column":null}},"line":31},"2":{"name":"handleChange","decl":{"start":{"line":49,"column":11},"end":{"line":49,"column":24}},"loc":{"start":{"line":49,"column":64},"end":{"line":53,"column":null}},"line":49},"3":{"name":"(anonymous_3)","decl":{"start":{"line":51,"column":4},"end":{"line":51,"column":17}},"loc":{"start":{"line":51,"column":27},"end":{"line":51,"column":54}},"line":51},"4":{"name":"(anonymous_4)","decl":{"start":{"line":52,"column":22},"end":{"line":52,"column":33}},"loc":{"start":{"line":52,"column":43},"end":{"line":52,"column":67}},"line":52},"5":{"name":"validate","decl":{"start":{"line":55,"column":11},"end":{"line":55,"column":46}},"loc":{"start":{"line":55,"column":46},"end":{"line":79,"column":null}},"line":55},"6":{"name":"handleSubmit","decl":{"start":{"line":81,"column":17},"end":{"line":81,"column":30}},"loc":{"start":{"line":81,"column":50},"end":{"line":106,"column":null}},"line":81},"7":{"name":"(anonymous_7)","decl":{"start":{"line":193,"column":20},"end":{"line":193,"column":35}},"loc":{"start":{"line":193,"column":35},"end":{"line":193,"column":null}},"line":193},"8":{"name":"(anonymous_8)","decl":{"start":{"line":228,"column":20},"end":{"line":228,"column":35}},"loc":{"start":{"line":228,"column":35},"end":{"line":228,"column":null}},"line":228}},"branchMap":{"0":{"loc":{"start":{"line":19,"column":2},"end":{"line":19,"column":null}},"type":"if","locations":[{"start":{"line":19,"column":2},"end":{"line":19,"column":null}},{"start":{},"end":{}}],"line":19},"1":{"loc":{"start":{"line":20,"column":2},"end":{"line":20,"column":null}},"type":"if","locations":[{"start":{"line":20,"column":2},"end":{"line":20,"column":null}},{"start":{},"end":{}}],"line":20},"2":{"loc":{"start":{"line":21,"column":2},"end":{"line":21,"column":null}},"type":"if","locations":[{"start":{"line":21,"column":2},"end":{"line":21,"column":null}},{"start":{},"end":{}}],"line":21},"3":{"loc":{"start":{"line":22,"column":2},"end":{"line":22,"column":null}},"type":"if","locations":[{"start":{"line":22,"column":2},"end":{"line":22,"column":null}},{"start":{},"end":{}}],"line":22},"4":{"loc":{"start":{"line":23,"column":2},"end":{"line":23,"column":null}},"type":"if","locations":[{"start":{"line":23,"column":2},"end":{"line":23,"column":null}},{"start":{},"end":{}}],"line":23},"5":{"loc":{"start":{"line":25,"column":2},"end":{"line":25,"column":null}},"type":"if","locations":[{"start":{"line":25,"column":2},"end":{"line":25,"column":null}},{"start":{},"end":{}}],"line":25},"6":{"loc":{"start":{"line":26,"column":2},"end":{"line":26,"column":null}},"type":"if","locations":[{"start":{"line":26,"column":2},"end":{"line":26,"column":null}},{"start":{},"end":{}}],"line":26},"7":{"loc":{"start":{"line":27,"column":2},"end":{"line":27,"column":null}},"type":"if","locations":[{"start":{"line":27,"column":2},"end":{"line":27,"column":null}},{"start":{},"end":{}}],"line":27},"8":{"loc":{"start":{"line":52,"column":4},"end":{"line":52,"column":null}},"type":"if","locations":[{"start":{"line":52,"column":4},"end":{"line":52,"column":null}},{"start":{},"end":{}}],"line":52},"9":{"loc":{"start":{"line":57,"column":4},"end":{"line":61,"column":null}},"type":"if","locations":[{"start":{"line":57,"column":4},"end":{"line":61,"column":null}},{"start":{"line":59,"column":11},"end":{"line":61,"column":null}}],"line":57},"10":{"loc":{"start":{"line":59,"column":11},"end":{"line":61,"column":null}},"type":"if","locations":[{"start":{"line":59,"column":11},"end":{"line":61,"column":null}},{"start":{},"end":{}}],"line":59},"11":{"loc":{"start":{"line":62,"column":4},"end":{"line":62,"column":null}},"type":"if","locations":[{"start":{"line":62,"column":4},"end":{"line":62,"column":null}},{"start":{},"end":{}}],"line":62},"12":{"loc":{"start":{"line":63,"column":4},"end":{"line":67,"column":null}},"type":"if","locations":[{"start":{"line":63,"column":4},"end":{"line":67,"column":null}},{"start":{"line":65,"column":11},"end":{"line":67,"column":null}}],"line":63},"13":{"loc":{"start":{"line":65,"column":11},"end":{"line":67,"column":null}},"type":"if","locations":[{"start":{"line":65,"column":11},"end":{"line":67,"column":null}},{"start":{},"end":{}}],"line":65},"14":{"loc":{"start":{"line":68,"column":4},"end":{"line":72,"column":null}},"type":"if","locations":[{"start":{"line":68,"column":4},"end":{"line":72,"column":null}},{"start":{"line":70,"column":11},"end":{"line":72,"column":null}}],"line":68},"15":{"loc":{"start":{"line":70,"column":11},"end":{"line":72,"column":null}},"type":"if","locations":[{"start":{"line":70,"column":11},"end":{"line":72,"column":null}},{"start":{},"end":{}}],"line":70},"16":{"loc":{"start":{"line":73,"column":4},"end":{"line":77,"column":null}},"type":"if","locations":[{"start":{"line":73,"column":4},"end":{"line":77,"column":null}},{"start":{"line":75,"column":11},"end":{"line":77,"column":null}}],"line":73},"17":{"loc":{"start":{"line":75,"column":11},"end":{"line":77,"column":null}},"type":"if","locations":[{"start":{"line":75,"column":11},"end":{"line":77,"column":null}},{"start":{},"end":{}}],"line":75},"18":{"loc":{"start":{"line":84,"column":4},"end":{"line":87,"column":null}},"type":"if","locations":[{"start":{"line":84,"column":4},"end":{"line":87,"column":null}},{"start":{},"end":{}}],"line":84},"19":{"loc":{"start":{"line":96,"column":6},"end":{"line":102,"column":null}},"type":"if","locations":[{"start":{"line":96,"column":6},"end":{"line":102,"column":null}},{"start":{"line":98,"column":13},"end":{"line":102,"column":null}}],"line":96},"20":{"loc":{"start":{"line":96,"column":10},"end":{"line":96,"column":57}},"type":"binary-expr","locations":[{"start":{"line":96,"column":10},"end":{"line":96,"column":37}},{"start":{"line":96,"column":37},"end":{"line":96,"column":57}}],"line":96},"21":{"loc":{"start":{"line":98,"column":13},"end":{"line":102,"column":null}},"type":"if","locations":[{"start":{"line":98,"column":13},"end":{"line":102,"column":null}},{"start":{"line":100,"column":13},"end":{"line":102,"column":null}}],"line":98},"22":{"loc":{"start":{"line":108,"column":2},"end":{"line":126,"column":null}},"type":"if","locations":[{"start":{"line":108,"column":2},"end":{"line":126,"column":null}},{"start":{},"end":{}}],"line":108},"23":{"loc":{"start":{"line":184,"column":26},"end":{"line":184,"column":null}},"type":"cond-expr","locations":[{"start":{"line":184,"column":41},"end":{"line":184,"column":50}},{"start":{"line":184,"column":50},"end":{"line":184,"column":null}}],"line":184},"24":{"loc":{"start":{"line":194,"column":32},"end":{"line":194,"column":null}},"type":"cond-expr","locations":[{"start":{"line":194,"column":47},"end":{"line":194,"column":65}},{"start":{"line":194,"column":65},"end":{"line":194,"column":null}}],"line":194},"25":{"loc":{"start":{"line":196,"column":21},"end":{"line":196,"column":null}},"type":"cond-expr","locations":[{"start":{"line":196,"column":36},"end":{"line":196,"column":43}},{"start":{"line":196,"column":43},"end":{"line":196,"column":null}}],"line":196},"26":{"loc":{"start":{"line":199,"column":17},"end":{"line":212,"column":null}},"type":"binary-expr","locations":[{"start":{"line":199,"column":17},"end":{"line":199,"column":null}},{"start":{"line":200,"column":18},"end":{"line":212,"column":null}}],"line":199},"27":{"loc":{"start":{"line":219,"column":26},"end":{"line":219,"column":null}},"type":"cond-expr","locations":[{"start":{"line":219,"column":40},"end":{"line":219,"column":49}},{"start":{"line":219,"column":49},"end":{"line":219,"column":null}}],"line":219},"28":{"loc":{"start":{"line":229,"column":32},"end":{"line":229,"column":null}},"type":"cond-expr","locations":[{"start":{"line":229,"column":46},"end":{"line":229,"column":64}},{"start":{"line":229,"column":64},"end":{"line":229,"column":null}}],"line":229},"29":{"loc":{"start":{"line":231,"column":21},"end":{"line":231,"column":null}},"type":"cond-expr","locations":[{"start":{"line":231,"column":35},"end":{"line":231,"column":42}},{"start":{"line":231,"column":42},"end":{"line":231,"column":null}}],"line":231}},"s":{"0":285,"1":285,"2":78,"3":285,"4":62,"5":285,"6":106,"7":285,"8":73,"9":285,"10":53,"11":285,"12":207,"13":78,"14":13,"15":65,"16":3,"17":62,"18":285,"19":285,"20":285,"21":285,"22":285,"23":285,"24":285,"25":285,"26":285,"27":255,"28":255,"29":255,"30":255,"31":1,"32":1,"33":6,"34":6,"35":2,"36":4,"37":1,"38":6,"39":2,"40":6,"41":2,"42":4,"43":0,"44":6,"45":2,"46":4,"47":1,"48":6,"49":2,"50":4,"51":1,"52":6,"53":6,"54":6,"55":6,"56":5,"57":5,"58":1,"59":1,"60":1,"61":1,"62":1,"63":0,"64":0,"65":0,"66":0,"67":0,"68":1,"69":285,"70":1,"71":284,"72":1,"73":0},"f":{"0":285,"1":285,"2":255,"3":255,"4":1,"5":6,"6":6,"7":1,"8":0},"b":{"0":[78,207],"1":[62,223],"2":[106,179],"3":[73,212],"4":[53,232],"5":[207,78],"6":[13,65],"7":[3,62],"8":[1,254],"9":[2,4],"10":[1,3],"11":[2,4],"12":[2,4],"13":[0,4],"14":[2,4],"15":[1,3],"16":[2,4],"17":[1,3],"18":[5,1],"19":[0,0],"20":[0,0],"21":[0,0],"22":[1,284],"23":[1,283],"24":[1,283],"25":[1,283],"26":[285,121],"27":[0,284],"28":[0,284],"29":[0,284]},"meta":{"lastBranch":30,"lastFunction":9,"lastStatement":74,"seen":{"f:17:9:17:29":0,"s:18:14:18:Infinity":0,"b:19:2:19:Infinity:undefined:undefined:undefined:undefined":0,"s:19:2:19:Infinity":1,"s:19:28:19:Infinity":2,"b:20:2:20:Infinity:undefined:undefined:undefined:undefined":1,"s:20:2:20:Infinity":3,"s:20:29:20:Infinity":4,"b:21:2:21:Infinity:undefined:undefined:undefined:undefined":2,"s:21:2:21:Infinity":5,"s:21:30:21:Infinity":6,"b:22:2:22:Infinity:undefined:undefined:undefined:undefined":3,"s:22:2:22:Infinity":7,"s:22:30:22:Infinity":8,"b:23:2:23:Infinity:undefined:undefined:undefined:undefined":4,"s:23:2:23:Infinity":9,"s:23:37:23:Infinity":10,"b:25:2:25:Infinity:undefined:undefined:undefined:undefined":5,"s:25:2:25:Infinity":11,"s:25:18:25:Infinity":12,"b:26:2:26:Infinity:undefined:undefined:undefined:undefined":6,"s:26:2:26:Infinity":13,"s:26:18:26:Infinity":14,"b:27:2:27:Infinity:undefined:undefined:undefined:undefined":7,"s:27:2:27:Infinity":15,"s:27:18:27:Infinity":16,"s:28:2:28:Infinity":17,"f:31:24:31:33":1,"s:32:10:32:Infinity":18,"s:33:19:39:Infinity":19,"s:40:17:40:Infinity":20,"s:41:20:41:Infinity":21,"s:42:21:42:Infinity":22,"s:43:22:43:Infinity":23,"s:44:23:44:Infinity":24,"s:45:22:45:Infinity":25,"s:47:27:47:Infinity":26,"f:49:11:49:24":2,"s:50:28:50:Infinity":27,"s:51:4:51:Infinity":28,"f:51:4:51:17":3,"s:51:27:51:54":29,"b:52:4:52:Infinity:undefined:undefined:undefined:undefined":8,"s:52:4:52:Infinity":30,"s:52:22:52:Infinity":31,"f:52:22:52:33":4,"s:52:43:52:67":32,"f:55:11:55:46":5,"s:56:46:56:Infinity":33,"b:57:4:61:Infinity:59:11:61:Infinity":9,"s:57:4:61:Infinity":34,"s:58:6:58:Infinity":35,"b:59:11:61:Infinity:undefined:undefined:undefined:undefined":10,"s:59:11:61:Infinity":36,"s:60:6:60:Infinity":37,"b:62:4:62:Infinity:undefined:undefined:undefined:undefined":11,"s:62:4:62:Infinity":38,"s:62:31:62:Infinity":39,"b:63:4:67:Infinity:65:11:67:Infinity":12,"s:63:4:67:Infinity":40,"s:64:6:64:Infinity":41,"b:65:11:67:Infinity:undefined:undefined:undefined:undefined":13,"s:65:11:67:Infinity":42,"s:66:6:66:Infinity":43,"b:68:4:72:Infinity:70:11:72:Infinity":14,"s:68:4:72:Infinity":44,"s:69:6:69:Infinity":45,"b:70:11:72:Infinity:undefined:undefined:undefined:undefined":15,"s:70:11:72:Infinity":46,"s:71:6:71:Infinity":47,"b:73:4:77:Infinity:75:11:77:Infinity":16,"s:73:4:77:Infinity":48,"s:74:6:74:Infinity":49,"b:75:11:77:Infinity:undefined:undefined:undefined:undefined":17,"s:75:11:77:Infinity":50,"s:76:6:76:Infinity":51,"s:78:4:78:Infinity":52,"f:81:17:81:30":6,"s:82:4:82:Infinity":53,"s:83:22:83:Infinity":54,"b:84:4:87:Infinity:undefined:undefined:undefined:undefined":18,"s:84:4:87:Infinity":55,"s:85:6:85:Infinity":56,"s:86:6:86:Infinity":57,"s:89:4:89:Infinity":58,"s:90:4:90:Infinity":59,"s:92:4:105:Infinity":60,"s:93:6:93:Infinity":61,"s:94:6:94:Infinity":62,"b:96:6:102:Infinity:98:13:102:Infinity":19,"s:96:6:102:Infinity":63,"b:96:10:96:37:96:37:96:57":20,"s:97:8:97:Infinity":64,"b:98:13:102:Infinity:100:13:102:Infinity":21,"s:98:13:102:Infinity":65,"s:99:8:99:Infinity":66,"s:101:8:101:Infinity":67,"s:104:6:104:Infinity":68,"b:108:2:126:Infinity:undefined:undefined:undefined:undefined":22,"s:108:2:126:Infinity":69,"s:109:4:124:Infinity":70,"s:128:2:255:Infinity":71,"b:184:41:184:50:184:50:184:Infinity":23,"f:193:20:193:35":7,"s:193:35:193:Infinity":72,"b:194:47:194:65:194:65:194:Infinity":24,"b:196:36:196:43:196:43:196:Infinity":25,"b:199:17:199:Infinity:200:18:212:Infinity":26,"b:219:40:219:49:219:49:219:Infinity":27,"f:228:20:228:35":8,"s:228:35:228:Infinity":73,"b:229:46:229:64:229:64:229:Infinity":28,"b:231:35:231:42:231:42:231:Infinity":29},"fnNames":{}}}
,"/Users/jiyeon/Downloads/local-produce-exchange-main/frontend/tests/mocks/handlers.ts": {"path":"/Users/jiyeon/Downloads/local-produce-exchange-main/frontend/tests/mocks/handlers.ts","statementMap":{"0":{"start":{"line":3,"column":16},"end":{"line":3,"column":null}},"1":{"start":{"line":5,"column":24},"end":{"line":41,"column":null}},"2":{"start":{"line":7,"column":17},"end":{"line":7,"column":null}},"3":{"start":{"line":8,"column":4},"end":{"line":16,"column":null}},"4":{"start":{"line":20,"column":4},"end":{"line":23,"column":null}},"5":{"start":{"line":27,"column":23},"end":{"line":27,"column":null}},"6":{"start":{"line":28,"column":4},"end":{"line":30,"column":null}},"7":{"start":{"line":29,"column":6},"end":{"line":29,"column":null}},"8":{"start":{"line":31,"column":4},"end":{"line":39,"column":null}}},"fnMap":{"0":{"name":"(anonymous_0)","decl":{"start":{"line":6,"column":38},"end":{"line":6,"column":45}},"loc":{"start":{"line":6,"column":61},"end":{"line":17,"column":3}},"line":6},"1":{"name":"(anonymous_1)","decl":{"start":{"line":19,"column":23},"end":{"line":19,"column":41}},"loc":{"start":{"line":19,"column":41},"end":{"line":24,"column":3}},"line":19},"2":{"name":"(anonymous_2)","decl":{"start":{"line":26,"column":22},"end":{"line":26,"column":32}},"loc":{"start":{"line":26,"column":48},"end":{"line":40,"column":3}},"line":26}},"branchMap":{"0":{"loc":{"start":{"line":28,"column":4},"end":{"line":30,"column":null}},"type":"if","locations":[{"start":{"line":28,"column":4},"end":{"line":30,"column":null}},{"start":{},"end":{}}],"line":28}},"s":{"0":32,"1":32,"2":3,"3":3,"4":6,"5":8,"6":8,"7":1,"8":7},"f":{"0":3,"1":6,"2":8},"b":{"0":[1,7]},"meta":{"lastBranch":1,"lastFunction":3,"lastStatement":9,"seen":{"s:3:16:3:Infinity":0,"s:5:24:41:Infinity":1,"f:6:38:6:45":0,"s:7:17:7:Infinity":2,"s:8:4:16:Infinity":3,"f:19:23:19:41":1,"s:20:4:23:Infinity":4,"f:26:22:26:32":2,"s:27:23:27:Infinity":5,"b:28:4:30:Infinity:undefined:undefined:undefined:undefined":0,"s:28:4:30:Infinity":6,"s:29:6:29:Infinity":7,"s:31:4:39:Infinity":8},"fnNames":{}}}
,"/Users/jiyeon/Downloads/local-produce-exchange-main/frontend/tests/mocks/server.ts": {"path":"/Users/jiyeon/Downloads/local-produce-exchange-main/frontend/tests/mocks/server.ts","statementMap":{"0":{"start":{"line":4,"column":13},"end":{"line":4,"column":null}}},"fnMap":{},"branchMap":{},"s":{"0":32},"f":{},"b":{},"meta":{"lastBranch":0,"lastFunction":0,"lastStatement":1,"seen":{"s:4:13:4:Infinity":0},"fnNames":{}}}
}
